{"D:\\lls\\chenzhengquan\\Desktop\\muke-study\\vue3-json-schema-form\\lib\\SchemaForm.tsx": {"path":"D:\\lls\\chenzhengquan\\Desktop\\muke-study\\vue3-json-schema-form\\lib\\SchemaForm.tsx","statementMap":{"0":{"start":{"line":2,"column":0},"end":{"line":2,"column":null}},"1":{"start":{"line":3,"column":0},"end":{"line":3,"column":null}},"2":{"start":{"line":4,"column":0},"end":{"line":4,"column":null}},"3":{"start":{"line":6,"column":15},"end":{"line":6,"column":31}},"4":{"start":{"line":24,"column":26},"end":{"line":28,"column":null}},"5":{"start":{"line":27,"column":6},"end":{"line":27,"column":11}},"6":{"start":{"line":32,"column":20},"end":{"line":32,"column":29}},"7":{"start":{"line":36,"column":4},"end":{"line":36,"column":12}},"8":{"start":{"line":38,"column":4},"end":{"line":38,"column":11}},"9":{"start":{"line":39,"column":32},"end":{"line":39,"column":null}},"10":{"start":{"line":40,"column":6},"end":{"line":40,"column":null}}},"fnMap":{"0":{"name":"(anonymous_0)","decl":{"start":{"line":22,"column":2},"end":{"line":22,"column":7}},"loc":{"start":{"line":22,"column":37},"end":{"line":49,"column":null}}},"1":{"name":"(anonymous_1)","decl":{"start":{"line":24,"column":26},"end":{"line":24,"column":36}},"loc":{"start":{"line":24,"column":36},"end":{"line":28,"column":null}}},"2":{"name":"(anonymous_2)","decl":{"start":{"line":38,"column":11},"end":{"line":38,"column":16}},"loc":{"start":{"line":38,"column":16},"end":{"line":48,"column":null}}}},"branchMap":{},"s":{"0":1,"1":1,"2":1,"3":1,"4":1,"5":0,"6":1,"7":1,"8":1,"9":1,"10":1},"f":{"0":1,"1":0,"2":1},"b":{}}
,"D:\\lls\\chenzhengquan\\Desktop\\muke-study\\vue3-json-schema-form\\lib\\SchemaItems.tsx": {"path":"D:\\lls\\chenzhengquan\\Desktop\\muke-study\\vue3-json-schema-form\\lib\\SchemaItems.tsx","statementMap":{"0":{"start":{"line":2,"column":0},"end":{"line":2,"column":null}},"1":{"start":{"line":3,"column":0},"end":{"line":3,"column":null}},"2":{"start":{"line":5,"column":0},"end":{"line":5,"column":null}},"3":{"start":{"line":6,"column":0},"end":{"line":6,"column":null}},"4":{"start":{"line":7,"column":0},"end":{"line":7,"column":null}},"5":{"start":{"line":8,"column":0},"end":{"line":8,"column":null}},"6":{"start":{"line":10,"column":0},"end":{"line":10,"column":null}},"7":{"start":{"line":12,"column":15},"end":{"line":12,"column":31}},"8":{"start":{"line":16,"column":31},"end":{"line":16,"column":40}},"9":{"start":{"line":17,"column":44},"end":{"line":17,"column":null}},"10":{"start":{"line":18,"column":6},"end":{"line":18,"column":13}},"11":{"start":{"line":20,"column":4},"end":{"line":20,"column":11}},"12":{"start":{"line":21,"column":25},"end":{"line":21,"column":null}},"13":{"start":{"line":22,"column":29},"end":{"line":22,"column":null}},"14":{"start":{"line":26,"column":19},"end":{"line":26,"column":null}},"15":{"start":{"line":28,"column":6},"end":{"line":28,"column":14}},"16":{"start":{"line":30,"column":10},"end":{"line":30,"column":19}},"17":{"start":{"line":31,"column":10},"end":{"line":31,"column":null}},"18":{"start":{"line":33,"column":10},"end":{"line":33,"column":19}},"19":{"start":{"line":34,"column":10},"end":{"line":34,"column":null}},"20":{"start":{"line":36,"column":10},"end":{"line":36,"column":19}},"21":{"start":{"line":37,"column":10},"end":{"line":37,"column":null}},"22":{"start":{"line":39,"column":10},"end":{"line":39,"column":19}},"23":{"start":{"line":40,"column":10},"end":{"line":40,"column":null}},"24":{"start":{"line":42,"column":10},"end":{"line":42,"column":17}},"25":{"start":{"line":44,"column":10},"end":{"line":44,"column":null}},"26":{"start":{"line":48,"column":6},"end":{"line":48,"column":28}}},"fnMap":{"0":{"name":"(anonymous_0)","decl":{"start":{"line":15,"column":2},"end":{"line":15,"column":7}},"loc":{"start":{"line":15,"column":37},"end":{"line":50,"column":null}}},"1":{"name":"(anonymous_1)","decl":{"start":{"line":16,"column":40},"end":{"line":16,"column":45}},"loc":{"start":{"line":16,"column":45},"end":{"line":19,"column":null}}},"2":{"name":"(anonymous_2)","decl":{"start":{"line":20,"column":11},"end":{"line":20,"column":16}},"loc":{"start":{"line":20,"column":16},"end":{"line":49,"column":null}}}},"branchMap":{"0":{"loc":{"start":{"line":29,"column":8},"end":{"line":31,"column":null}},"type":"switch","locations":[{"start":{"line":29,"column":8},"end":{"line":31,"column":null}},{"start":{"line":32,"column":8},"end":{"line":34,"column":null}},{"start":{"line":35,"column":8},"end":{"line":37,"column":null}},{"start":{"line":38,"column":8},"end":{"line":40,"column":null}},{"start":{"line":41,"column":8},"end":{"line":44,"column":null}}]}},"s":{"0":1,"1":1,"2":1,"3":1,"4":1,"5":1,"6":1,"7":1,"8":0,"9":0,"10":0,"11":0,"12":0,"13":0,"14":0,"15":0,"16":0,"17":0,"18":0,"19":0,"20":0,"21":0,"22":0,"23":0,"24":0,"25":0,"26":0},"f":{"0":0,"1":0,"2":0},"b":{"0":[0,0,0,0,0]}}
,"D:\\lls\\chenzhengquan\\Desktop\\muke-study\\vue3-json-schema-form\\lib\\context.ts": {"path":"D:\\lls\\chenzhengquan\\Desktop\\muke-study\\vue3-json-schema-form\\lib\\context.ts","statementMap":{"0":{"start":{"line":2,"column":0},"end":{"line":2,"column":null}},"1":{"start":{"line":4,"column":36},"end":{"line":4,"column":null}},"2":{"start":{"line":9,"column":4},"end":{"line":9,"column":11}},"3":{"start":{"line":11,"column":2},"end":{"line":13,"column":null}},"4":{"start":{"line":12,"column":4},"end":{"line":12,"column":10}},"5":{"start":{"line":14,"column":2},"end":{"line":14,"column":9}}},"fnMap":{"0":{"name":"useVJSFContext","decl":{"start":{"line":7,"column":16},"end":{"line":7,"column":30}},"loc":{"start":{"line":7,"column":30},"end":{"line":15,"column":null}}}},"branchMap":{"0":{"loc":{"start":{"line":11,"column":2},"end":{"line":13,"column":null}},"type":"if","locations":[{"start":{"line":11,"column":2},"end":{"line":13,"column":null}},{"start":{"line":11,"column":2},"end":{"line":13,"column":null}}]}},"s":{"0":1,"1":1,"2":0,"3":0,"4":0,"5":0},"f":{"0":0},"b":{"0":[0,0]}}
,"D:\\lls\\chenzhengquan\\Desktop\\muke-study\\vue3-json-schema-form\\lib\\index.ts": {"path":"D:\\lls\\chenzhengquan\\Desktop\\muke-study\\vue3-json-schema-form\\lib\\index.ts","statementMap":{"0":{"start":{"line":1,"column":0},"end":{"line":1,"column":null}},"1":{"start":{"line":2,"column":0},"end":{"line":2,"column":null}},"2":{"start":{"line":4,"column":15},"end":{"line":4,"column":null}}},"fnMap":{},"branchMap":{},"s":{"0":1,"1":1,"2":1},"f":{},"b":{}}
,"D:\\lls\\chenzhengquan\\Desktop\\muke-study\\vue3-json-schema-form\\lib\\types.ts": {"path":"D:\\lls\\chenzhengquan\\Desktop\\muke-study\\vue3-json-schema-form\\lib\\types.ts","statementMap":{"0":{"start":{"line":4,"column":0},"end":{"line":4,"column":12}},"1":{"start":{"line":5,"column":2},"end":{"line":5,"column":null}},"2":{"start":{"line":6,"column":2},"end":{"line":6,"column":null}},"3":{"start":{"line":7,"column":2},"end":{"line":7,"column":null}},"4":{"start":{"line":8,"column":2},"end":{"line":8,"column":null}},"5":{"start":{"line":9,"column":2},"end":{"line":9,"column":null}},"6":{"start":{"line":10,"column":2},"end":{"line":10,"column":null}},"7":{"start":{"line":54,"column":32},"end":{"line":54,"column":null}},"8":{"start":{"line":74,"column":0},"end":{"line":74,"column":12}},"9":{"start":{"line":75,"column":2},"end":{"line":75,"column":null}}},"fnMap":{"0":{"name":"(anonymous_0)","decl":{"start":{"line":4,"column":0},"end":{"line":4,"column":12}},"loc":{"start":{"line":4,"column":23},"end":{"line":11,"column":null}}},"1":{"name":"(anonymous_1)","decl":{"start":{"line":74,"column":0},"end":{"line":74,"column":12}},"loc":{"start":{"line":74,"column":32},"end":{"line":76,"column":null}}}},"branchMap":{"0":{"loc":{"start":{"line":4,"column":12},"end":{"line":4,"column":23}},"type":"binary-expr","locations":[{"start":{"line":4,"column":12},"end":{"line":4,"column":23}},{"start":{"line":4,"column":23},"end":{"line":4,"column":null}}]},"1":{"loc":{"start":{"line":74,"column":12},"end":{"line":74,"column":32}},"type":"binary-expr","locations":[{"start":{"line":74,"column":12},"end":{"line":74,"column":32}},{"start":{"line":74,"column":32},"end":{"line":74,"column":null}}]}},"s":{"0":1,"1":1,"2":1,"3":1,"4":1,"5":1,"6":1,"7":1,"8":1,"9":1},"f":{"0":1,"1":1},"b":{"0":[1,1],"1":[1,1]}}
,"D:\\lls\\chenzhengquan\\Desktop\\muke-study\\vue3-json-schema-form\\lib\\utils.ts": {"path":"D:\\lls\\chenzhengquan\\Desktop\\muke-study\\vue3-json-schema-form\\lib\\utils.ts","statementMap":{"0":{"start":{"line":1,"column":0},"end":{"line":1,"column":null}},"1":{"start":{"line":2,"column":0},"end":{"line":2,"column":null}},"2":{"start":{"line":3,"column":0},"end":{"line":3,"column":null}},"3":{"start":{"line":4,"column":0},"end":{"line":4,"column":null}},"4":{"start":{"line":9,"column":2},"end":{"line":9,"column":9}},"5":{"start":{"line":13,"column":2},"end":{"line":13,"column":9}},"6":{"start":{"line":21,"column":2},"end":{"line":21,"column":9}},"7":{"start":{"line":28,"column":24},"end":{"line":28,"column":28}},"8":{"start":{"line":31,"column":16},"end":{"line":31,"column":31}},"9":{"start":{"line":32,"column":2},"end":{"line":32,"column":9}},"10":{"start":{"line":43,"column":2},"end":{"line":58,"column":null}},"11":{"start":{"line":44,"column":4},"end":{"line":44,"column":11}},"12":{"start":{"line":45,"column":9},"end":{"line":58,"column":null}},"13":{"start":{"line":46,"column":27},"end":{"line":46,"column":47}},"14":{"start":{"line":47,"column":4},"end":{"line":47,"column":11}},"15":{"start":{"line":48,"column":9},"end":{"line":58,"column":null}},"16":{"start":{"line":49,"column":4},"end":{"line":49,"column":11}},"17":{"start":{"line":52,"column":8},"end":{"line":52,"column":23}},"18":{"start":{"line":57,"column":4},"end":{"line":57,"column":11}},"19":{"start":{"line":66,"column":2},"end":{"line":68,"column":null}},"20":{"start":{"line":67,"column":4},"end":{"line":67,"column":11}},"21":{"start":{"line":69,"column":23},"end":{"line":69,"column":37}},"22":{"start":{"line":72,"column":2},"end":{"line":86,"column":null}},"23":{"start":{"line":73,"column":4},"end":{"line":85,"column":null}},"24":{"start":{"line":76,"column":6},"end":{"line":76,"column":20}},"25":{"start":{"line":82,"column":6},"end":{"line":82,"column":13}},"26":{"start":{"line":83,"column":55},"end":{"line":83,"column":null}},"27":{"start":{"line":84,"column":6},"end":{"line":84,"column":13}},"28":{"start":{"line":88,"column":4},"end":{"line":89,"column":null}},"29":{"start":{"line":90,"column":2},"end":{"line":97,"column":null}},"30":{"start":{"line":92,"column":4},"end":{"line":92,"column":11}},"31":{"start":{"line":98,"column":2},"end":{"line":98,"column":9}},"32":{"start":{"line":101,"column":40},"end":{"line":101,"column":null}},"33":{"start":{"line":110,"column":2},"end":{"line":110,"column":8}},"34":{"start":{"line":115,"column":2},"end":{"line":115,"column":8}},"35":{"start":{"line":116,"column":4},"end":{"line":119,"column":null}},"36":{"start":{"line":118,"column":6},"end":{"line":118,"column":null}},"37":{"start":{"line":122,"column":4},"end":{"line":132,"column":null}},"38":{"start":{"line":123,"column":6},"end":{"line":123,"column":26}},"39":{"start":{"line":128,"column":11},"end":{"line":132,"column":null}},"40":{"start":{"line":129,"column":6},"end":{"line":129,"column":26}},"41":{"start":{"line":131,"column":6},"end":{"line":131,"column":26}},"42":{"start":{"line":135,"column":6},"end":{"line":135,"column":20}},"43":{"start":{"line":137,"column":6},"end":{"line":137,"column":20}},"44":{"start":{"line":140,"column":2},"end":{"line":140,"column":9}},"45":{"start":{"line":158,"column":21},"end":{"line":158,"column":42}},"46":{"start":{"line":160,"column":35},"end":{"line":160,"column":null}},"47":{"start":{"line":162,"column":2},"end":{"line":162,"column":9}},"48":{"start":{"line":166,"column":18},"end":{"line":166,"column":null}},"49":{"start":{"line":167,"column":2},"end":{"line":172,"column":null}},"50":{"start":{"line":169,"column":4},"end":{"line":169,"column":8}},"51":{"start":{"line":171,"column":4},"end":{"line":171,"column":10}},"52":{"start":{"line":173,"column":18},"end":{"line":173,"column":30}},"53":{"start":{"line":174,"column":2},"end":{"line":176,"column":null}},"54":{"start":{"line":175,"column":4},"end":{"line":175,"column":10}},"55":{"start":{"line":177,"column":2},"end":{"line":180,"column":null}},"56":{"start":{"line":179,"column":4},"end":{"line":179,"column":11}},"57":{"start":{"line":181,"column":2},"end":{"line":181,"column":9}},"58":{"start":{"line":190,"column":49},"end":{"line":190,"column":56}},"59":{"start":{"line":191,"column":2},"end":{"line":201,"column":null}},"60":{"start":{"line":192,"column":4},"end":{"line":192,"column":18}},"61":{"start":{"line":196,"column":9},"end":{"line":201,"column":null}},"62":{"start":{"line":197,"column":4},"end":{"line":197,"column":18}},"63":{"start":{"line":202,"column":2},"end":{"line":202,"column":9}},"64":{"start":{"line":212,"column":2},"end":{"line":243,"column":null}},"65":{"start":{"line":214,"column":4},"end":{"line":216,"column":null}},"66":{"start":{"line":215,"column":6},"end":{"line":215,"column":null}},"67":{"start":{"line":218,"column":4},"end":{"line":223,"column":null}},"68":{"start":{"line":222,"column":6},"end":{"line":222,"column":null}},"69":{"start":{"line":225,"column":6},"end":{"line":225,"column":null}},"70":{"start":{"line":226,"column":4},"end":{"line":236,"column":null}},"71":{"start":{"line":227,"column":6},"end":{"line":227,"column":20}},"72":{"start":{"line":228,"column":11},"end":{"line":236,"column":null}},"73":{"start":{"line":229,"column":6},"end":{"line":229,"column":20}},"74":{"start":{"line":237,"column":4},"end":{"line":237,"column":11}},"75":{"start":{"line":244,"column":2},"end":{"line":244,"column":9}},"76":{"start":{"line":248,"column":2},"end":{"line":250,"column":null}},"77":{"start":{"line":249,"column":4},"end":{"line":249,"column":11}},"78":{"start":{"line":251,"column":19},"end":{"line":253,"column":null}},"79":{"start":{"line":254,"column":2},"end":{"line":254,"column":9}},"80":{"start":{"line":265,"column":40},"end":{"line":265,"column":null}},"81":{"start":{"line":270,"column":2},"end":{"line":270,"column":8}},"82":{"start":{"line":272,"column":2},"end":{"line":276,"column":null}},"83":{"start":{"line":273,"column":4},"end":{"line":273,"column":11}},"84":{"start":{"line":274,"column":9},"end":{"line":276,"column":null}},"85":{"start":{"line":275,"column":4},"end":{"line":275,"column":10}},"86":{"start":{"line":278,"column":24},"end":{"line":278,"column":29}},"87":{"start":{"line":279,"column":4},"end":{"line":281,"column":null}},"88":{"start":{"line":283,"column":2},"end":{"line":283,"column":9}},"89":{"start":{"line":299,"column":26},"end":{"line":299,"column":31}},"90":{"start":{"line":300,"column":4},"end":{"line":302,"column":null}},"91":{"start":{"line":301,"column":6},"end":{"line":301,"column":13}},"92":{"start":{"line":303,"column":57},"end":{"line":303,"column":null}},"93":{"start":{"line":304,"column":4},"end":{"line":314,"column":null}},"94":{"start":{"line":305,"column":30},"end":{"line":305,"column":null}},"95":{"start":{"line":312,"column":25},"end":{"line":312,"column":38}},"96":{"start":{"line":313,"column":6},"end":{"line":313,"column":13}},"97":{"start":{"line":316,"column":2},"end":{"line":321,"column":null}},"98":{"start":{"line":317,"column":4},"end":{"line":317,"column":11}},"99":{"start":{"line":320,"column":4},"end":{"line":320,"column":11}},"100":{"start":{"line":322,"column":20},"end":{"line":322,"column":36}},"101":{"start":{"line":324,"column":4},"end":{"line":324,"column":null}},"102":{"start":{"line":325,"column":26},"end":{"line":325,"column":28}},"103":{"start":{"line":326,"column":2},"end":{"line":326,"column":9}},"104":{"start":{"line":339,"column":14},"end":{"line":339,"column":20}},"105":{"start":{"line":340,"column":2},"end":{"line":340,"column":9}},"106":{"start":{"line":341,"column":17},"end":{"line":341,"column":null}},"107":{"start":{"line":342,"column":14},"end":{"line":342,"column":19}},"108":{"start":{"line":343,"column":4},"end":{"line":358,"column":null}},"109":{"start":{"line":344,"column":6},"end":{"line":344,"column":9}},"110":{"start":{"line":345,"column":11},"end":{"line":358,"column":null}},"111":{"start":{"line":355,"column":6},"end":{"line":355,"column":9}},"112":{"start":{"line":357,"column":6},"end":{"line":357,"column":9}},"113":{"start":{"line":359,"column":4},"end":{"line":359,"column":11}},"114":{"start":{"line":373,"column":19},"end":{"line":373,"column":null}},"115":{"start":{"line":375,"column":2},"end":{"line":377,"column":null}},"116":{"start":{"line":376,"column":4},"end":{"line":376,"column":11}},"117":{"start":{"line":379,"column":2},"end":{"line":381,"column":null}},"118":{"start":{"line":380,"column":4},"end":{"line":380,"column":11}},"119":{"start":{"line":383,"column":2},"end":{"line":385,"column":null}},"120":{"start":{"line":384,"column":4},"end":{"line":384,"column":11}},"121":{"start":{"line":387,"column":17},"end":{"line":387,"column":null}},"122":{"start":{"line":388,"column":2},"end":{"line":390,"column":null}},"123":{"start":{"line":389,"column":4},"end":{"line":389,"column":11}},"124":{"start":{"line":389,"column":28},"end":{"line":389,"column":null}},"125":{"start":{"line":392,"column":2},"end":{"line":392,"column":9}},"126":{"start":{"line":421,"column":25},"end":{"line":437,"column":null}},"127":{"start":{"line":422,"column":2},"end":{"line":434,"column":null}},"128":{"start":{"line":423,"column":4},"end":{"line":423,"column":11}},"129":{"start":{"line":424,"column":9},"end":{"line":434,"column":null}},"130":{"start":{"line":425,"column":4},"end":{"line":425,"column":11}},"131":{"start":{"line":426,"column":9},"end":{"line":434,"column":null}},"132":{"start":{"line":427,"column":4},"end":{"line":427,"column":11}},"133":{"start":{"line":428,"column":9},"end":{"line":434,"column":null}},"134":{"start":{"line":429,"column":4},"end":{"line":429,"column":11}},"135":{"start":{"line":430,"column":9},"end":{"line":434,"column":null}},"136":{"start":{"line":431,"column":4},"end":{"line":431,"column":11}},"137":{"start":{"line":432,"column":9},"end":{"line":434,"column":null}},"138":{"start":{"line":433,"column":4},"end":{"line":433,"column":11}},"139":{"start":{"line":436,"column":2},"end":{"line":436,"column":9}},"140":{"start":{"line":440,"column":2},"end":{"line":440,"column":null}},"141":{"start":{"line":447,"column":17},"end":{"line":447,"column":32}},"142":{"start":{"line":448,"column":21},"end":{"line":448,"column":null}},"143":{"start":{"line":449,"column":2},"end":{"line":453,"column":null}},"144":{"start":{"line":450,"column":4},"end":{"line":450,"column":11}},"145":{"start":{"line":451,"column":9},"end":{"line":453,"column":null}},"146":{"start":{"line":452,"column":4},"end":{"line":452,"column":11}},"147":{"start":{"line":452,"column":44},"end":{"line":452,"column":55}},"148":{"start":{"line":454,"column":2},"end":{"line":454,"column":9}},"149":{"start":{"line":458,"column":2},"end":{"line":460,"column":null}},"150":{"start":{"line":459,"column":4},"end":{"line":459,"column":11}},"151":{"start":{"line":461,"column":2},"end":{"line":461,"column":9}},"152":{"start":{"line":470,"column":2},"end":{"line":520,"column":null}},"153":{"start":{"line":470,"column":15},"end":{"line":470,"column":18}},"154":{"start":{"line":471,"column":19},"end":{"line":471,"column":27}},"155":{"start":{"line":480,"column":4},"end":{"line":519,"column":null}},"156":{"start":{"line":483,"column":28},"end":{"line":483,"column":null}},"157":{"start":{"line":484,"column":60},"end":{"line":484,"column":null}},"158":{"start":{"line":492,"column":6},"end":{"line":508,"column":null}},"159":{"start":{"line":494,"column":36},"end":{"line":494,"column":null}},"160":{"start":{"line":496,"column":8},"end":{"line":501,"column":null}},"161":{"start":{"line":497,"column":10},"end":{"line":497,"column":22}},"162":{"start":{"line":500,"column":10},"end":{"line":500,"column":22}},"163":{"start":{"line":503,"column":8},"end":{"line":503,"column":20}},"164":{"start":{"line":505,"column":8},"end":{"line":505,"column":23}},"165":{"start":{"line":507,"column":8},"end":{"line":507,"column":23}},"166":{"start":{"line":512,"column":6},"end":{"line":512,"column":13}},"167":{"start":{"line":514,"column":6},"end":{"line":516,"column":null}},"168":{"start":{"line":515,"column":8},"end":{"line":515,"column":15}},"169":{"start":{"line":517,"column":11},"end":{"line":519,"column":null}},"170":{"start":{"line":518,"column":6},"end":{"line":518,"column":13}},"171":{"start":{"line":521,"column":2},"end":{"line":521,"column":9}},"172":{"start":{"line":525,"column":2},"end":{"line":546,"column":null}},"173":{"start":{"line":526,"column":4},"end":{"line":528,"column":null}},"174":{"start":{"line":527,"column":6},"end":{"line":527,"column":14}},"175":{"start":{"line":529,"column":4},"end":{"line":529,"column":11}},"176":{"start":{"line":530,"column":6},"end":{"line":532,"column":null}},"177":{"start":{"line":531,"column":8},"end":{"line":531,"column":15}},"178":{"start":{"line":533,"column":6},"end":{"line":533,"column":13}},"179":{"start":{"line":535,"column":9},"end":{"line":546,"column":null}},"180":{"start":{"line":536,"column":16},"end":{"line":536,"column":22}},"181":{"start":{"line":537,"column":4},"end":{"line":537,"column":11}},"182":{"start":{"line":538,"column":6},"end":{"line":538,"column":9}},"183":{"start":{"line":542,"column":6},"end":{"line":542,"column":13}},"184":{"start":{"line":545,"column":4},"end":{"line":545,"column":11}},"185":{"start":{"line":555,"column":2},"end":{"line":557,"column":null}},"186":{"start":{"line":556,"column":4},"end":{"line":556,"column":10}},"187":{"start":{"line":559,"column":19},"end":{"line":559,"column":null}},"188":{"start":{"line":568,"column":2},"end":{"line":571,"column":null}},"189":{"start":{"line":570,"column":4},"end":{"line":570,"column":11}},"190":{"start":{"line":572,"column":2},"end":{"line":574,"column":null}},"191":{"start":{"line":573,"column":4},"end":{"line":573,"column":11}},"192":{"start":{"line":575,"column":2},"end":{"line":577,"column":null}},"193":{"start":{"line":576,"column":4},"end":{"line":576,"column":11}},"194":{"start":{"line":578,"column":2},"end":{"line":578,"column":9}}},"fnMap":{"0":{"name":"isObject","decl":{"start":{"line":8,"column":16},"end":{"line":8,"column":25}},"loc":{"start":{"line":8,"column":35},"end":{"line":10,"column":null}}},"1":{"name":"isEmptyObject","decl":{"start":{"line":12,"column":16},"end":{"line":12,"column":30}},"loc":{"start":{"line":12,"column":40},"end":{"line":14,"column":null}}},"2":{"name":"hasOwnProperty","decl":{"start":{"line":16,"column":16},"end":{"line":16,"column":31}},"loc":{"start":{"line":16,"column":52},"end":{"line":22,"column":null}}},"3":{"name":"validateData","decl":{"start":{"line":30,"column":16},"end":{"line":30,"column":29}},"loc":{"start":{"line":30,"column":51},"end":{"line":36,"column":null}}},"4":{"name":"resolveSchema","decl":{"start":{"line":41,"column":16},"end":{"line":41,"column":30}},"loc":{"start":{"line":41,"column":76},"end":{"line":59,"column":null}}},"5":{"name":"(anonymous_5)","decl":{"start":{"line":51,"column":31},"end":{"line":51,"column":null}},"loc":{"start":{"line":52,"column":8},"end":{"line":52,"column":23}}},"6":{"name":"retrieveSchema","decl":{"start":{"line":61,"column":16},"end":{"line":61,"column":null}},"loc":{"start":{"line":64,"column":20},"end":{"line":99,"column":null}}},"7":{"name":"stubExistingAdditionalProperties","decl":{"start":{"line":104,"column":16},"end":{"line":104,"column":null}},"loc":{"start":{"line":107,"column":20},"end":{"line":141,"column":null}}},"8":{"name":"(anonymous_8)","decl":{"start":{"line":115,"column":33},"end":{"line":115,"column":40}},"loc":{"start":{"line":115,"column":40},"end":{"line":138,"column":null}}},"9":{"name":"resolveReference","decl":{"start":{"line":156,"column":9},"end":{"line":156,"column":26}},"loc":{"start":{"line":156,"column":69},"end":{"line":163,"column":null}}},"10":{"name":"findSchemaDefinition","decl":{"start":{"line":165,"column":16},"end":{"line":165,"column":37}},"loc":{"start":{"line":165,"column":66},"end":{"line":182,"column":null}}},"11":{"name":"resolveDependencies","decl":{"start":{"line":184,"column":9},"end":{"line":184,"column":null}},"loc":{"start":{"line":187,"column":15},"end":{"line":203,"column":null}}},"12":{"name":"processDependencies","decl":{"start":{"line":205,"column":9},"end":{"line":205,"column":null}},"loc":{"start":{"line":209,"column":15},"end":{"line":245,"column":null}}},"13":{"name":"withDependentProperties","decl":{"start":{"line":247,"column":9},"end":{"line":247,"column":33}},"loc":{"start":{"line":247,"column":71},"end":{"line":255,"column":null}}},"14":{"name":"withDependentSchema","decl":{"start":{"line":257,"column":9},"end":{"line":257,"column":null}},"loc":{"start":{"line":262,"column":22},"end":{"line":290,"column":null}}},"15":{"name":"(anonymous_15)","decl":{"start":{"line":278,"column":35},"end":{"line":278,"column":null}},"loc":{"start":{"line":279,"column":4},"end":{"line":281,"column":null}}},"16":{"name":"withExactlyOneSubschema","decl":{"start":{"line":292,"column":9},"end":{"line":292,"column":null}},"loc":{"start":{"line":297,"column":12},"end":{"line":331,"column":null}}},"17":{"name":"(anonymous_17)","decl":{"start":{"line":299,"column":40},"end":{"line":299,"column":58}},"loc":{"start":{"line":299,"column":58},"end":{"line":315,"column":null}}},"18":{"name":"mergeSchemas","decl":{"start":{"line":338,"column":16},"end":{"line":338,"column":29}},"loc":{"start":{"line":338,"column":49},"end":{"line":361,"column":null}}},"19":{"name":"(anonymous_19)","decl":{"start":{"line":340,"column":34},"end":{"line":340,"column":35}},"loc":{"start":{"line":340,"column":47},"end":{"line":360,"column":5}}},"20":{"name":"getSchemaType","decl":{"start":{"line":372,"column":16},"end":{"line":372,"column":30}},"loc":{"start":{"line":372,"column":44},"end":{"line":417,"column":null}}},"21":{"name":"(anonymous_21)","decl":{"start":{"line":389,"column":19},"end":{"line":389,"column":28}},"loc":{"start":{"line":389,"column":28},"end":{"line":389,"column":null}}},"22":{"name":"guessType","decl":{"start":{"line":421,"column":34},"end":{"line":421,"column":44}},"loc":{"start":{"line":421,"column":54},"end":{"line":437,"column":null}}},"23":{"name":"isConstant","decl":{"start":{"line":439,"column":16},"end":{"line":439,"column":27}},"loc":{"start":{"line":439,"column":41},"end":{"line":444,"column":null}}},"24":{"name":"isSelect","decl":{"start":{"line":446,"column":16},"end":{"line":446,"column":25}},"loc":{"start":{"line":446,"column":62},"end":{"line":455,"column":null}}},"25":{"name":"(anonymous_25)","decl":{"start":{"line":452,"column":29},"end":{"line":452,"column":44}},"loc":{"start":{"line":452,"column":44},"end":{"line":452,"column":55}}},"26":{"name":"isMultiSelect","decl":{"start":{"line":457,"column":16},"end":{"line":457,"column":30}},"loc":{"start":{"line":457,"column":69},"end":{"line":462,"column":null}}},"27":{"name":"getMatchingOption","decl":{"start":{"line":465,"column":16},"end":{"line":465,"column":null}},"loc":{"start":{"line":468,"column":49},"end":{"line":522,"column":null}}},"28":{"name":"(anonymous_28)","decl":{"start":{"line":484,"column":51},"end":{"line":484,"column":60}},"loc":{"start":{"line":484,"column":60},"end":{"line":484,"column":null}}},"29":{"name":"mergeDefaultsWithFormData","decl":{"start":{"line":524,"column":16},"end":{"line":524,"column":42}},"loc":{"start":{"line":524,"column":70},"end":{"line":547,"column":null}}},"30":{"name":"(anonymous_30)","decl":{"start":{"line":529,"column":24},"end":{"line":529,"column":25}},"loc":{"start":{"line":529,"column":39},"end":{"line":534,"column":null}}},"31":{"name":"(anonymous_31)","decl":{"start":{"line":537,"column":40},"end":{"line":537,"column":41}},"loc":{"start":{"line":537,"column":53},"end":{"line":543,"column":7}}},"32":{"name":"getDefaultFormState","decl":{"start":{"line":549,"column":16},"end":{"line":549,"column":null}},"loc":{"start":{"line":551,"column":15},"end":{"line":579,"column":null}}}},"branchMap":{"0":{"loc":{"start":{"line":9,"column":9},"end":{"line":9,"column":38}},"type":"binary-expr","locations":[{"start":{"line":9,"column":9},"end":{"line":9,"column":38}},{"start":{"line":9,"column":38},"end":{"line":9,"column":56}},{"start":{"line":9,"column":56},"end":{"line":9,"column":62}}]},"1":{"loc":{"start":{"line":13,"column":9},"end":{"line":13,"column":18}},"type":"binary-expr","locations":[{"start":{"line":13,"column":9},"end":{"line":13,"column":18}},{"start":{"line":13,"column":28},"end":{"line":13,"column":null}}]},"2":{"loc":{"start":{"line":41,"column":59},"end":{"line":41,"column":63}},"type":"default-arg","locations":[{"start":{"line":41,"column":59},"end":{"line":41,"column":63}}]},"3":{"loc":{"start":{"line":41,"column":74},"end":{"line":41,"column":76}},"type":"default-arg","locations":[{"start":{"line":41,"column":74},"end":{"line":41,"column":76}}]},"4":{"loc":{"start":{"line":43,"column":2},"end":{"line":58,"column":null}},"type":"if","locations":[{"start":{"line":43,"column":2},"end":{"line":58,"column":null}},{"start":{"line":43,"column":2},"end":{"line":58,"column":null}}]},"5":{"loc":{"start":{"line":45,"column":9},"end":{"line":58,"column":null}},"type":"if","locations":[{"start":{"line":45,"column":9},"end":{"line":58,"column":null}},{"start":{"line":45,"column":9},"end":{"line":58,"column":null}}]},"6":{"loc":{"start":{"line":48,"column":9},"end":{"line":58,"column":null}},"type":"if","locations":[{"start":{"line":48,"column":9},"end":{"line":58,"column":null}},{"start":{"line":48,"column":9},"end":{"line":58,"column":null}}]},"7":{"loc":{"start":{"line":48,"column":13},"end":{"line":48,"column":28}},"type":"binary-expr","locations":[{"start":{"line":48,"column":13},"end":{"line":48,"column":28}},{"start":{"line":48,"column":48},"end":{"line":48,"column":53}}]},"8":{"loc":{"start":{"line":63,"column":15},"end":{"line":63,"column":null}},"type":"default-arg","locations":[{"start":{"line":63,"column":15},"end":{"line":63,"column":null}}]},"9":{"loc":{"start":{"line":64,"column":18},"end":{"line":64,"column":20}},"type":"default-arg","locations":[{"start":{"line":64,"column":18},"end":{"line":64,"column":20}}]},"10":{"loc":{"start":{"line":66,"column":2},"end":{"line":68,"column":null}},"type":"if","locations":[{"start":{"line":66,"column":2},"end":{"line":68,"column":null}},{"start":{"line":66,"column":2},"end":{"line":68,"column":null}}]},"11":{"loc":{"start":{"line":72,"column":2},"end":{"line":86,"column":null}},"type":"if","locations":[{"start":{"line":72,"column":2},"end":{"line":86,"column":null}},{"start":{"line":72,"column":2},"end":{"line":86,"column":null}}]},"12":{"loc":{"start":{"line":88,"column":4},"end":{"line":88,"column":18}},"type":"binary-expr","locations":[{"start":{"line":88,"column":4},"end":{"line":88,"column":18}},{"start":{"line":89,"column":4},"end":{"line":89,"column":null}}]},"13":{"loc":{"start":{"line":90,"column":2},"end":{"line":97,"column":null}},"type":"if","locations":[{"start":{"line":90,"column":2},"end":{"line":97,"column":null}},{"start":{"line":90,"column":2},"end":{"line":97,"column":null}}]},"14":{"loc":{"start":{"line":106,"column":23},"end":{"line":106,"column":null}},"type":"default-arg","locations":[{"start":{"line":106,"column":23},"end":{"line":106,"column":null}}]},"15":{"loc":{"start":{"line":107,"column":18},"end":{"line":107,"column":20}},"type":"default-arg","locations":[{"start":{"line":107,"column":18},"end":{"line":107,"column":20}}]},"16":{"loc":{"start":{"line":116,"column":4},"end":{"line":119,"column":null}},"type":"if","locations":[{"start":{"line":116,"column":4},"end":{"line":119,"column":null}},{"start":{"line":116,"column":4},"end":{"line":119,"column":null}}]},"17":{"loc":{"start":{"line":122,"column":4},"end":{"line":132,"column":null}},"type":"if","locations":[{"start":{"line":122,"column":4},"end":{"line":132,"column":null}},{"start":{"line":122,"column":4},"end":{"line":132,"column":null}}]},"18":{"loc":{"start":{"line":128,"column":11},"end":{"line":132,"column":null}},"type":"if","locations":[{"start":{"line":128,"column":11},"end":{"line":132,"column":null}},{"start":{"line":128,"column":11},"end":{"line":132,"column":null}}]},"19":{"loc":{"start":{"line":165,"column":64},"end":{"line":165,"column":66}},"type":"default-arg","locations":[{"start":{"line":165,"column":64},"end":{"line":165,"column":66}}]},"20":{"loc":{"start":{"line":167,"column":2},"end":{"line":172,"column":null}},"type":"if","locations":[{"start":{"line":167,"column":2},"end":{"line":172,"column":null}},{"start":{"line":167,"column":2},"end":{"line":172,"column":null}}]},"21":{"loc":{"start":{"line":174,"column":2},"end":{"line":176,"column":null}},"type":"if","locations":[{"start":{"line":174,"column":2},"end":{"line":176,"column":null}},{"start":{"line":174,"column":2},"end":{"line":176,"column":null}}]},"22":{"loc":{"start":{"line":177,"column":2},"end":{"line":180,"column":null}},"type":"if","locations":[{"start":{"line":177,"column":2},"end":{"line":180,"column":null}},{"start":{"line":177,"column":2},"end":{"line":180,"column":null}}]},"23":{"loc":{"start":{"line":190,"column":23},"end":{"line":190,"column":27}},"type":"default-arg","locations":[{"start":{"line":190,"column":23},"end":{"line":190,"column":27}}]},"24":{"loc":{"start":{"line":191,"column":2},"end":{"line":201,"column":null}},"type":"if","locations":[{"start":{"line":191,"column":2},"end":{"line":201,"column":null}},{"start":{"line":191,"column":2},"end":{"line":201,"column":null}}]},"25":{"loc":{"start":{"line":196,"column":9},"end":{"line":201,"column":null}},"type":"if","locations":[{"start":{"line":196,"column":9},"end":{"line":201,"column":null}},{"start":{"line":196,"column":9},"end":{"line":201,"column":null}}]},"26":{"loc":{"start":{"line":214,"column":4},"end":{"line":216,"column":null}},"type":"if","locations":[{"start":{"line":214,"column":4},"end":{"line":216,"column":null}},{"start":{"line":214,"column":4},"end":{"line":216,"column":null}}]},"27":{"loc":{"start":{"line":218,"column":4},"end":{"line":223,"column":null}},"type":"if","locations":[{"start":{"line":218,"column":4},"end":{"line":223,"column":null}},{"start":{"line":218,"column":4},"end":{"line":223,"column":null}}]},"28":{"loc":{"start":{"line":219,"column":6},"end":{"line":219,"column":null}},"type":"binary-expr","locations":[{"start":{"line":219,"column":6},"end":{"line":219,"column":null}},{"start":{"line":220,"column":6},"end":{"line":220,"column":8}}]},"29":{"loc":{"start":{"line":226,"column":4},"end":{"line":236,"column":null}},"type":"if","locations":[{"start":{"line":226,"column":4},"end":{"line":236,"column":null}},{"start":{"line":226,"column":4},"end":{"line":236,"column":null}}]},"30":{"loc":{"start":{"line":228,"column":11},"end":{"line":236,"column":null}},"type":"if","locations":[{"start":{"line":228,"column":11},"end":{"line":236,"column":null}},{"start":{"line":228,"column":11},"end":{"line":236,"column":null}}]},"31":{"loc":{"start":{"line":248,"column":2},"end":{"line":250,"column":null}},"type":"if","locations":[{"start":{"line":248,"column":2},"end":{"line":250,"column":null}},{"start":{"line":248,"column":2},"end":{"line":250,"column":null}}]},"32":{"loc":{"start":{"line":252,"column":6},"end":{"line":252,"column":11}},"type":"cond-expr","locations":[{"start":{"line":252,"column":6},"end":{"line":252,"column":11}},{"start":{"line":253,"column":6},"end":{"line":253,"column":null}}]},"33":{"loc":{"start":{"line":272,"column":2},"end":{"line":276,"column":null}},"type":"if","locations":[{"start":{"line":272,"column":2},"end":{"line":276,"column":null}},{"start":{"line":272,"column":2},"end":{"line":276,"column":null}}]},"34":{"loc":{"start":{"line":274,"column":9},"end":{"line":276,"column":null}},"type":"if","locations":[{"start":{"line":274,"column":9},"end":{"line":276,"column":null}},{"start":{"line":274,"column":9},"end":{"line":276,"column":null}}]},"35":{"loc":{"start":{"line":280,"column":8},"end":{"line":280,"column":25}},"type":"cond-expr","locations":[{"start":{"line":280,"column":8},"end":{"line":280,"column":25}},{"start":{"line":281,"column":8},"end":{"line":281,"column":null}}]},"36":{"loc":{"start":{"line":300,"column":4},"end":{"line":302,"column":null}},"type":"if","locations":[{"start":{"line":300,"column":4},"end":{"line":302,"column":null}},{"start":{"line":300,"column":4},"end":{"line":302,"column":null}}]},"37":{"loc":{"start":{"line":304,"column":4},"end":{"line":314,"column":null}},"type":"if","locations":[{"start":{"line":304,"column":4},"end":{"line":314,"column":null}},{"start":{"line":304,"column":4},"end":{"line":314,"column":null}}]},"38":{"loc":{"start":{"line":313,"column":13},"end":{"line":313,"column":24}},"type":"binary-expr","locations":[{"start":{"line":313,"column":13},"end":{"line":313,"column":24}},{"start":{"line":313,"column":24},"end":{"line":313,"column":null}}]},"39":{"loc":{"start":{"line":316,"column":2},"end":{"line":321,"column":null}},"type":"if","locations":[{"start":{"line":316,"column":2},"end":{"line":321,"column":null}},{"start":{"line":316,"column":2},"end":{"line":321,"column":null}}]},"40":{"loc":{"start":{"line":341,"column":24},"end":{"line":341,"column":29}},"type":"cond-expr","locations":[{"start":{"line":341,"column":24},"end":{"line":341,"column":29}},{"start":{"line":341,"column":36},"end":{"line":341,"column":null}}]},"41":{"loc":{"start":{"line":343,"column":4},"end":{"line":358,"column":null}},"type":"if","locations":[{"start":{"line":343,"column":4},"end":{"line":358,"column":null}},{"start":{"line":343,"column":4},"end":{"line":358,"column":null}}]},"42":{"loc":{"start":{"line":343,"column":8},"end":{"line":343,"column":12}},"type":"binary-expr","locations":[{"start":{"line":343,"column":8},"end":{"line":343,"column":12}},{"start":{"line":343,"column":16},"end":{"line":343,"column":31}},{"start":{"line":343,"column":45},"end":{"line":343,"column":54}}]},"43":{"loc":{"start":{"line":345,"column":11},"end":{"line":358,"column":null}},"type":"if","locations":[{"start":{"line":345,"column":11},"end":{"line":358,"column":null}},{"start":{"line":345,"column":11},"end":{"line":358,"column":null}}]},"44":{"loc":{"start":{"line":346,"column":6},"end":{"line":346,"column":10}},"type":"binary-expr","locations":[{"start":{"line":346,"column":6},"end":{"line":346,"column":10}},{"start":{"line":347,"column":6},"end":{"line":347,"column":null}},{"start":{"line":348,"column":7},"end":{"line":348,"column":43}},{"start":{"line":348,"column":43},"end":{"line":348,"column":null}},{"start":{"line":349,"column":6},"end":{"line":349,"column":null}},{"start":{"line":350,"column":6},"end":{"line":350,"column":11}},{"start":{"line":351,"column":6},"end":{"line":351,"column":11}}]},"45":{"loc":{"start":{"line":375,"column":2},"end":{"line":377,"column":null}},"type":"if","locations":[{"start":{"line":375,"column":2},"end":{"line":377,"column":null}},{"start":{"line":375,"column":2},"end":{"line":377,"column":null}}]},"46":{"loc":{"start":{"line":375,"column":6},"end":{"line":375,"column":15}},"type":"binary-expr","locations":[{"start":{"line":375,"column":6},"end":{"line":375,"column":15}},{"start":{"line":375,"column":15},"end":{"line":375,"column":29}}]},"47":{"loc":{"start":{"line":379,"column":2},"end":{"line":381,"column":null}},"type":"if","locations":[{"start":{"line":379,"column":2},"end":{"line":381,"column":null}},{"start":{"line":379,"column":2},"end":{"line":381,"column":null}}]},"48":{"loc":{"start":{"line":379,"column":6},"end":{"line":379,"column":15}},"type":"binary-expr","locations":[{"start":{"line":379,"column":6},"end":{"line":379,"column":15}},{"start":{"line":379,"column":15},"end":{"line":379,"column":28}}]},"49":{"loc":{"start":{"line":383,"column":2},"end":{"line":385,"column":null}},"type":"if","locations":[{"start":{"line":383,"column":2},"end":{"line":385,"column":null}},{"start":{"line":383,"column":2},"end":{"line":385,"column":null}}]},"50":{"loc":{"start":{"line":383,"column":6},"end":{"line":383,"column":16}},"type":"binary-expr","locations":[{"start":{"line":383,"column":6},"end":{"line":383,"column":16}},{"start":{"line":383,"column":16},"end":{"line":383,"column":37}},{"start":{"line":383,"column":37},"end":{"line":383,"column":67}}]},"51":{"loc":{"start":{"line":388,"column":2},"end":{"line":390,"column":null}},"type":"if","locations":[{"start":{"line":388,"column":2},"end":{"line":390,"column":null}},{"start":{"line":388,"column":2},"end":{"line":390,"column":null}}]},"52":{"loc":{"start":{"line":388,"column":6},"end":{"line":388,"column":28}},"type":"binary-expr","locations":[{"start":{"line":388,"column":6},"end":{"line":388,"column":28}},{"start":{"line":388,"column":28},"end":{"line":388,"column":46}},{"start":{"line":388,"column":46},"end":{"line":388,"column":47}}]},"53":{"loc":{"start":{"line":422,"column":2},"end":{"line":434,"column":null}},"type":"if","locations":[{"start":{"line":422,"column":2},"end":{"line":434,"column":null}},{"start":{"line":422,"column":2},"end":{"line":434,"column":null}}]},"54":{"loc":{"start":{"line":424,"column":9},"end":{"line":434,"column":null}},"type":"if","locations":[{"start":{"line":424,"column":9},"end":{"line":434,"column":null}},{"start":{"line":424,"column":9},"end":{"line":434,"column":null}}]},"55":{"loc":{"start":{"line":426,"column":9},"end":{"line":434,"column":null}},"type":"if","locations":[{"start":{"line":426,"column":9},"end":{"line":434,"column":null}},{"start":{"line":426,"column":9},"end":{"line":434,"column":null}}]},"56":{"loc":{"start":{"line":428,"column":9},"end":{"line":434,"column":null}},"type":"if","locations":[{"start":{"line":428,"column":9},"end":{"line":434,"column":null}},{"start":{"line":428,"column":9},"end":{"line":434,"column":null}}]},"57":{"loc":{"start":{"line":430,"column":9},"end":{"line":434,"column":null}},"type":"if","locations":[{"start":{"line":430,"column":9},"end":{"line":434,"column":null}},{"start":{"line":430,"column":9},"end":{"line":434,"column":null}}]},"58":{"loc":{"start":{"line":432,"column":9},"end":{"line":434,"column":null}},"type":"if","locations":[{"start":{"line":432,"column":9},"end":{"line":434,"column":null}},{"start":{"line":432,"column":9},"end":{"line":434,"column":null}}]},"59":{"loc":{"start":{"line":441,"column":5},"end":{"line":441,"column":10}},"type":"binary-expr","locations":[{"start":{"line":441,"column":5},"end":{"line":441,"column":10}},{"start":{"line":441,"column":35},"end":{"line":441,"column":null}},{"start":{"line":442,"column":4},"end":{"line":442,"column":10}}]},"60":{"loc":{"start":{"line":446,"column":60},"end":{"line":446,"column":62}},"type":"default-arg","locations":[{"start":{"line":446,"column":60},"end":{"line":446,"column":62}}]},"61":{"loc":{"start":{"line":448,"column":21},"end":{"line":448,"column":37}},"type":"binary-expr","locations":[{"start":{"line":448,"column":21},"end":{"line":448,"column":37}},{"start":{"line":448,"column":37},"end":{"line":448,"column":null}}]},"62":{"loc":{"start":{"line":449,"column":2},"end":{"line":453,"column":null}},"type":"if","locations":[{"start":{"line":449,"column":2},"end":{"line":453,"column":null}},{"start":{"line":449,"column":2},"end":{"line":453,"column":null}}]},"63":{"loc":{"start":{"line":451,"column":9},"end":{"line":453,"column":null}},"type":"if","locations":[{"start":{"line":451,"column":9},"end":{"line":453,"column":null}},{"start":{"line":451,"column":9},"end":{"line":453,"column":null}}]},"64":{"loc":{"start":{"line":457,"column":67},"end":{"line":457,"column":69}},"type":"default-arg","locations":[{"start":{"line":457,"column":67},"end":{"line":457,"column":69}}]},"65":{"loc":{"start":{"line":458,"column":2},"end":{"line":460,"column":null}},"type":"if","locations":[{"start":{"line":458,"column":2},"end":{"line":460,"column":null}},{"start":{"line":458,"column":2},"end":{"line":460,"column":null}}]},"66":{"loc":{"start":{"line":458,"column":6},"end":{"line":458,"column":29}},"type":"binary-expr","locations":[{"start":{"line":458,"column":6},"end":{"line":458,"column":29}},{"start":{"line":458,"column":29},"end":{"line":458,"column":44}}]},"67":{"loc":{"start":{"line":480,"column":4},"end":{"line":519,"column":null}},"type":"if","locations":[{"start":{"line":480,"column":4},"end":{"line":519,"column":null}},{"start":{"line":480,"column":4},"end":{"line":519,"column":null}}]},"68":{"loc":{"start":{"line":492,"column":6},"end":{"line":508,"column":null}},"type":"if","locations":[{"start":{"line":492,"column":6},"end":{"line":508,"column":null}},{"start":{"line":492,"column":6},"end":{"line":508,"column":null}}]},"69":{"loc":{"start":{"line":496,"column":8},"end":{"line":501,"column":null}},"type":"if","locations":[{"start":{"line":496,"column":8},"end":{"line":501,"column":null}},{"start":{"line":496,"column":8},"end":{"line":501,"column":null}}]},"70":{"loc":{"start":{"line":514,"column":6},"end":{"line":516,"column":null}},"type":"if","locations":[{"start":{"line":514,"column":6},"end":{"line":516,"column":null}},{"start":{"line":514,"column":6},"end":{"line":516,"column":null}}]},"71":{"loc":{"start":{"line":517,"column":11},"end":{"line":519,"column":null}},"type":"if","locations":[{"start":{"line":517,"column":11},"end":{"line":519,"column":null}},{"start":{"line":517,"column":11},"end":{"line":519,"column":null}}]},"72":{"loc":{"start":{"line":525,"column":2},"end":{"line":546,"column":null}},"type":"if","locations":[{"start":{"line":525,"column":2},"end":{"line":546,"column":null}},{"start":{"line":525,"column":2},"end":{"line":546,"column":null}}]},"73":{"loc":{"start":{"line":526,"column":4},"end":{"line":528,"column":null}},"type":"if","locations":[{"start":{"line":526,"column":4},"end":{"line":528,"column":null}},{"start":{"line":526,"column":4},"end":{"line":528,"column":null}}]},"74":{"loc":{"start":{"line":530,"column":6},"end":{"line":532,"column":null}},"type":"if","locations":[{"start":{"line":530,"column":6},"end":{"line":532,"column":null}},{"start":{"line":530,"column":6},"end":{"line":532,"column":null}}]},"75":{"loc":{"start":{"line":535,"column":9},"end":{"line":546,"column":null}},"type":"if","locations":[{"start":{"line":535,"column":9},"end":{"line":546,"column":null}},{"start":{"line":535,"column":9},"end":{"line":546,"column":null}}]},"76":{"loc":{"start":{"line":539,"column":19},"end":{"line":539,"column":28}},"type":"cond-expr","locations":[{"start":{"line":539,"column":19},"end":{"line":539,"column":28}},{"start":{"line":539,"column":35},"end":{"line":539,"column":null}}]},"77":{"loc":{"start":{"line":555,"column":2},"end":{"line":557,"column":null}},"type":"if","locations":[{"start":{"line":555,"column":2},"end":{"line":557,"column":null}},{"start":{"line":555,"column":2},"end":{"line":557,"column":null}}]},"78":{"loc":{"start":{"line":568,"column":2},"end":{"line":571,"column":null}},"type":"if","locations":[{"start":{"line":568,"column":2},"end":{"line":571,"column":null}},{"start":{"line":568,"column":2},"end":{"line":571,"column":null}}]},"79":{"loc":{"start":{"line":572,"column":2},"end":{"line":574,"column":null}},"type":"if","locations":[{"start":{"line":572,"column":2},"end":{"line":574,"column":null}},{"start":{"line":572,"column":2},"end":{"line":574,"column":null}}]},"80":{"loc":{"start":{"line":572,"column":6},"end":{"line":572,"column":15}},"type":"binary-expr","locations":[{"start":{"line":572,"column":6},"end":{"line":572,"column":15}},{"start":{"line":572,"column":28},"end":{"line":572,"column":33}}]},"81":{"loc":{"start":{"line":575,"column":2},"end":{"line":577,"column":null}},"type":"if","locations":[{"start":{"line":575,"column":2},"end":{"line":577,"column":null}},{"start":{"line":575,"column":2},"end":{"line":577,"column":null}}]},"82":{"loc":{"start":{"line":575,"column":6},"end":{"line":575,"column":24}},"type":"binary-expr","locations":[{"start":{"line":575,"column":6},"end":{"line":575,"column":24}},{"start":{"line":575,"column":24},"end":{"line":575,"column":46}},{"start":{"line":575,"column":46},"end":{"line":575,"column":63}}]},"83":{"loc":{"start":{"line":578,"column":9},"end":{"line":578,"column":17}},"type":"binary-expr","locations":[{"start":{"line":578,"column":9},"end":{"line":578,"column":17}},{"start":{"line":578,"column":21},"end":{"line":578,"column":null}}]}},"s":{"0":1,"1":1,"2":1,"3":1,"4":0,"5":0,"6":0,"7":1,"8":0,"9":0,"10":0,"11":0,"12":0,"13":0,"14":0,"15":0,"16":0,"17":0,"18":0,"19":0,"20":0,"21":0,"22":0,"23":0,"24":0,"25":0,"26":0,"27":0,"28":0,"29":0,"30":0,"31":0,"32":1,"33":0,"34":0,"35":0,"36":0,"37":0,"38":0,"39":0,"40":0,"41":0,"42":0,"43":0,"44":0,"45":0,"46":0,"47":0,"48":0,"49":0,"50":0,"51":0,"52":0,"53":0,"54":0,"55":0,"56":0,"57":0,"58":0,"59":0,"60":0,"61":0,"62":0,"63":0,"64":0,"65":0,"66":0,"67":0,"68":0,"69":0,"70":0,"71":0,"72":0,"73":0,"74":0,"75":0,"76":0,"77":0,"78":0,"79":0,"80":0,"81":0,"82":0,"83":0,"84":0,"85":0,"86":0,"87":0,"88":0,"89":0,"90":0,"91":0,"92":0,"93":0,"94":0,"95":0,"96":0,"97":0,"98":0,"99":0,"100":0,"101":0,"102":0,"103":0,"104":0,"105":0,"106":0,"107":0,"108":0,"109":0,"110":0,"111":0,"112":0,"113":0,"114":0,"115":0,"116":0,"117":0,"118":0,"119":0,"120":0,"121":0,"122":0,"123":0,"124":0,"125":0,"126":1,"127":0,"128":0,"129":0,"130":0,"131":0,"132":0,"133":0,"134":0,"135":0,"136":0,"137":0,"138":0,"139":0,"140":0,"141":0,"142":0,"143":0,"144":0,"145":0,"146":0,"147":0,"148":0,"149":0,"150":0,"151":0,"152":0,"153":0,"154":0,"155":0,"156":0,"157":0,"158":0,"159":0,"160":0,"161":0,"162":0,"163":0,"164":0,"165":0,"166":0,"167":0,"168":0,"169":0,"170":0,"171":0,"172":0,"173":0,"174":0,"175":0,"176":0,"177":0,"178":0,"179":0,"180":0,"181":0,"182":0,"183":0,"184":0,"185":0,"186":0,"187":0,"188":0,"189":0,"190":0,"191":0,"192":0,"193":0,"194":0},"f":{"0":0,"1":0,"2":0,"3":0,"4":0,"5":0,"6":0,"7":0,"8":0,"9":0,"10":0,"11":0,"12":0,"13":0,"14":0,"15":0,"16":0,"17":0,"18":0,"19":0,"20":0,"21":0,"22":0,"23":0,"24":0,"25":0,"26":0,"27":0,"28":0,"29":0,"30":0,"31":0,"32":0},"b":{"0":[0,0,0],"1":[0,0],"2":[0],"3":[0],"4":[0,0],"5":[0,0],"6":[0,0],"7":[0,0],"8":[0],"9":[0],"10":[0,0],"11":[0,0],"12":[0,0],"13":[0,0],"14":[0],"15":[0],"16":[0,0],"17":[0,0],"18":[0,0],"19":[0],"20":[0,0],"21":[0,0],"22":[0,0],"23":[0],"24":[0,0],"25":[0,0],"26":[0,0],"27":[0,0],"28":[0,0],"29":[0,0],"30":[0,0],"31":[0,0],"32":[0,0],"33":[0,0],"34":[0,0],"35":[0,0],"36":[0,0],"37":[0,0],"38":[0,0],"39":[0,0],"40":[0,0],"41":[0,0],"42":[0,0,0],"43":[0,0],"44":[0,0,0,0,0,0,0],"45":[0,0],"46":[0,0],"47":[0,0],"48":[0,0],"49":[0,0],"50":[0,0,0],"51":[0,0],"52":[0,0,0],"53":[0,0],"54":[0,0],"55":[0,0],"56":[0,0],"57":[0,0],"58":[0,0],"59":[0,0,0],"60":[0],"61":[0,0],"62":[0,0],"63":[0,0],"64":[0],"65":[0,0],"66":[0,0],"67":[0,0],"68":[0,0],"69":[0,0],"70":[0,0],"71":[0,0],"72":[0,0],"73":[0,0],"74":[0,0],"75":[0,0],"76":[0,0],"77":[0,0],"78":[0,0],"79":[0,0],"80":[0,0],"81":[0,0],"82":[0,0,0],"83":[0,0]}}
,"D:\\lls\\chenzhengquan\\Desktop\\muke-study\\vue3-json-schema-form\\lib\\fields\\ArrayField.tsx": {"path":"D:\\lls\\chenzhengquan\\Desktop\\muke-study\\vue3-json-schema-form\\lib\\fields\\ArrayField.tsx","statementMap":{"0":{"start":{"line":1,"column":0},"end":{"line":1,"column":null}},"1":{"start":{"line":2,"column":0},"end":{"line":2,"column":null}},"2":{"start":{"line":3,"column":0},"end":{"line":3,"column":null}},"3":{"start":{"line":4,"column":0},"end":{"line":4,"column":null}},"4":{"start":{"line":5,"column":0},"end":{"line":5,"column":null}},"5":{"start":{"line":26,"column":18},"end":{"line":26,"column":34}},"6":{"start":{"line":46,"column":25},"end":{"line":46,"column":41}},"7":{"start":{"line":71,"column":23},"end":{"line":71,"column":null}},"8":{"start":{"line":72,"column":4},"end":{"line":72,"column":11}},"9":{"start":{"line":73,"column":22},"end":{"line":73,"column":null}},"10":{"start":{"line":74,"column":6},"end":{"line":74,"column":null}},"11":{"start":{"line":79,"column":29},"end":{"line":79,"column":34}},"12":{"start":{"line":85,"column":29},"end":{"line":85,"column":34}},"13":{"start":{"line":91,"column":29},"end":{"line":91,"column":34}},"14":{"start":{"line":97,"column":29},"end":{"line":97,"column":34}},"15":{"start":{"line":110,"column":15},"end":{"line":110,"column":31}},"16":{"start":{"line":114,"column":20},"end":{"line":114,"column":null}},"17":{"start":{"line":116,"column":34},"end":{"line":121,"column":null}},"18":{"start":{"line":117,"column":24},"end":{"line":117,"column":null}},"19":{"start":{"line":118,"column":18},"end":{"line":118,"column":null}},"20":{"start":{"line":119,"column":6},"end":{"line":119,"column":9}},"21":{"start":{"line":120,"column":6},"end":{"line":120,"column":11}},"22":{"start":{"line":125,"column":23},"end":{"line":130,"column":null}},"23":{"start":{"line":126,"column":24},"end":{"line":126,"column":null}},"24":{"start":{"line":127,"column":18},"end":{"line":127,"column":null}},"25":{"start":{"line":128,"column":6},"end":{"line":128,"column":9}},"26":{"start":{"line":129,"column":6},"end":{"line":129,"column":11}},"27":{"start":{"line":131,"column":26},"end":{"line":136,"column":null}},"28":{"start":{"line":132,"column":24},"end":{"line":132,"column":null}},"29":{"start":{"line":133,"column":18},"end":{"line":133,"column":null}},"30":{"start":{"line":134,"column":6},"end":{"line":134,"column":9}},"31":{"start":{"line":135,"column":6},"end":{"line":135,"column":11}},"32":{"start":{"line":137,"column":22},"end":{"line":146,"column":null}},"33":{"start":{"line":138,"column":6},"end":{"line":138,"column":null}},"34":{"start":{"line":138,"column":23},"end":{"line":138,"column":null}},"35":{"start":{"line":140,"column":24},"end":{"line":140,"column":null}},"36":{"start":{"line":141,"column":18},"end":{"line":141,"column":null}},"37":{"start":{"line":143,"column":19},"end":{"line":143,"column":22}},"38":{"start":{"line":144,"column":6},"end":{"line":144,"column":9}},"39":{"start":{"line":145,"column":6},"end":{"line":145,"column":11}},"40":{"start":{"line":147,"column":24},"end":{"line":155,"column":null}},"41":{"start":{"line":148,"column":24},"end":{"line":148,"column":null}},"42":{"start":{"line":149,"column":18},"end":{"line":149,"column":null}},"43":{"start":{"line":151,"column":6},"end":{"line":151,"column":null}},"44":{"start":{"line":151,"column":36},"end":{"line":151,"column":null}},"45":{"start":{"line":152,"column":19},"end":{"line":152,"column":22}},"46":{"start":{"line":153,"column":6},"end":{"line":153,"column":9}},"47":{"start":{"line":154,"column":6},"end":{"line":154,"column":11}},"48":{"start":{"line":157,"column":4},"end":{"line":157,"column":11}},"49":{"start":{"line":158,"column":29},"end":{"line":158,"column":null}},"50":{"start":{"line":159,"column":44},"end":{"line":159,"column":null}},"51":{"start":{"line":160,"column":26},"end":{"line":160,"column":31}},"52":{"start":{"line":161,"column":23},"end":{"line":161,"column":null}},"53":{"start":{"line":165,"column":6},"end":{"line":211,"column":null}},"54":{"start":{"line":166,"column":20},"end":{"line":166,"column":null}},"55":{"start":{"line":167,"column":8},"end":{"line":167,"column":15}},"56":{"start":{"line":167,"column":33},"end":{"line":167,"column":34}},"57":{"start":{"line":172,"column":34},"end":{"line":172,"column":56}},"58":{"start":{"line":176,"column":13},"end":{"line":211,"column":null}},"59":{"start":{"line":178,"column":20},"end":{"line":178,"column":null}},"60":{"start":{"line":179,"column":8},"end":{"line":179,"column":15}},"61":{"start":{"line":180,"column":10},"end":{"line":180,"column":null}},"62":{"start":{"line":192,"column":38},"end":{"line":192,"column":60}},"63":{"start":{"line":199,"column":29},"end":{"line":199,"column":null}},"64":{"start":{"line":200,"column":24},"end":{"line":200,"column":35}},"65":{"start":{"line":200,"column":49},"end":{"line":200,"column":null}},"66":{"start":{"line":204,"column":8},"end":{"line":204,"column":null}},"67":{"start":{"line":213,"column":6},"end":{"line":213,"column":null}}},"fnMap":{"0":{"name":"(anonymous_0)","decl":{"start":{"line":70,"column":2},"end":{"line":70,"column":7}},"loc":{"start":{"line":70,"column":29},"end":{"line":107,"column":null}}},"1":{"name":"(anonymous_1)","decl":{"start":{"line":72,"column":11},"end":{"line":72,"column":16}},"loc":{"start":{"line":72,"column":16},"end":{"line":106,"column":null}}},"2":{"name":"(anonymous_2)","decl":{"start":{"line":79,"column":23},"end":{"line":79,"column":29}},"loc":{"start":{"line":79,"column":29},"end":{"line":79,"column":34}}},"3":{"name":"(anonymous_3)","decl":{"start":{"line":85,"column":23},"end":{"line":85,"column":29}},"loc":{"start":{"line":85,"column":29},"end":{"line":85,"column":34}}},"4":{"name":"(anonymous_4)","decl":{"start":{"line":91,"column":23},"end":{"line":91,"column":29}},"loc":{"start":{"line":91,"column":29},"end":{"line":91,"column":34}}},"5":{"name":"(anonymous_5)","decl":{"start":{"line":97,"column":23},"end":{"line":97,"column":29}},"loc":{"start":{"line":97,"column":29},"end":{"line":97,"column":34}}},"6":{"name":"(anonymous_6)","decl":{"start":{"line":113,"column":2},"end":{"line":113,"column":7}},"loc":{"start":{"line":113,"column":42},"end":{"line":215,"column":null}}},"7":{"name":"(anonymous_7)","decl":{"start":{"line":116,"column":34},"end":{"line":116,"column":35}},"loc":{"start":{"line":116,"column":60},"end":{"line":121,"column":null}}},"8":{"name":"(anonymous_8)","decl":{"start":{"line":125,"column":23},"end":{"line":125,"column":40}},"loc":{"start":{"line":125,"column":40},"end":{"line":130,"column":null}}},"9":{"name":"(anonymous_9)","decl":{"start":{"line":131,"column":26},"end":{"line":131,"column":43}},"loc":{"start":{"line":131,"column":43},"end":{"line":136,"column":null}}},"10":{"name":"(anonymous_10)","decl":{"start":{"line":137,"column":22},"end":{"line":137,"column":39}},"loc":{"start":{"line":137,"column":39},"end":{"line":146,"column":null}}},"11":{"name":"(anonymous_11)","decl":{"start":{"line":147,"column":24},"end":{"line":147,"column":41}},"loc":{"start":{"line":147,"column":41},"end":{"line":155,"column":null}}},"12":{"name":"(anonymous_12)","decl":{"start":{"line":157,"column":11},"end":{"line":157,"column":16}},"loc":{"start":{"line":157,"column":16},"end":{"line":214,"column":null}}},"13":{"name":"(anonymous_13)","decl":{"start":{"line":167,"column":33},"end":{"line":167,"column":34}},"loc":{"start":{"line":167,"column":33},"end":{"line":167,"column":34}}},"14":{"name":"(anonymous_14)","decl":{"start":{"line":172,"column":23},"end":{"line":172,"column":34}},"loc":{"start":{"line":172,"column":34},"end":{"line":172,"column":56}}},"15":{"name":"(anonymous_15)","decl":{"start":{"line":179,"column":23},"end":{"line":179,"column":24}},"loc":{"start":{"line":179,"column":49},"end":{"line":197,"column":null}}},"16":{"name":"(anonymous_16)","decl":{"start":{"line":180,"column":10},"end":{"line":180,"column":null}},"loc":{"start":{"line":180,"column":10},"end":{"line":180,"column":null}}},"17":{"name":"(anonymous_17)","decl":{"start":{"line":192,"column":27},"end":{"line":192,"column":38}},"loc":{"start":{"line":192,"column":38},"end":{"line":192,"column":60}}},"18":{"name":"(anonymous_18)","decl":{"start":{"line":200,"column":42},"end":{"line":200,"column":49}},"loc":{"start":{"line":200,"column":49},"end":{"line":200,"column":null}}}},"branchMap":{"0":{"loc":{"start":{"line":103,"column":40},"end":{"line":103,"column":57}},"type":"binary-expr","locations":[{"start":{"line":103,"column":40},"end":{"line":103,"column":57}},{"start":{"line":103,"column":57},"end":{"line":103,"column":62}}]},"1":{"loc":{"start":{"line":118,"column":41},"end":{"line":118,"column":49}},"type":"cond-expr","locations":[{"start":{"line":118,"column":41},"end":{"line":118,"column":49}},{"start":{"line":118,"column":49},"end":{"line":118,"column":null}}]},"2":{"loc":{"start":{"line":127,"column":41},"end":{"line":127,"column":49}},"type":"cond-expr","locations":[{"start":{"line":127,"column":41},"end":{"line":127,"column":49}},{"start":{"line":127,"column":49},"end":{"line":127,"column":null}}]},"3":{"loc":{"start":{"line":133,"column":41},"end":{"line":133,"column":49}},"type":"cond-expr","locations":[{"start":{"line":133,"column":41},"end":{"line":133,"column":49}},{"start":{"line":133,"column":49},"end":{"line":133,"column":null}}]},"4":{"loc":{"start":{"line":138,"column":6},"end":{"line":138,"column":null}},"type":"if","locations":[{"start":{"line":138,"column":6},"end":{"line":138,"column":null}},{"start":{"line":138,"column":6},"end":{"line":138,"column":null}}]},"5":{"loc":{"start":{"line":141,"column":41},"end":{"line":141,"column":49}},"type":"cond-expr","locations":[{"start":{"line":141,"column":41},"end":{"line":141,"column":49}},{"start":{"line":141,"column":49},"end":{"line":141,"column":null}}]},"6":{"loc":{"start":{"line":149,"column":41},"end":{"line":149,"column":49}},"type":"cond-expr","locations":[{"start":{"line":149,"column":41},"end":{"line":149,"column":49}},{"start":{"line":149,"column":49},"end":{"line":149,"column":null}}]},"7":{"loc":{"start":{"line":151,"column":6},"end":{"line":151,"column":null}},"type":"if","locations":[{"start":{"line":151,"column":6},"end":{"line":151,"column":null}},{"start":{"line":151,"column":6},"end":{"line":151,"column":null}}]},"8":{"loc":{"start":{"line":161,"column":23},"end":{"line":161,"column":39}},"type":"binary-expr","locations":[{"start":{"line":161,"column":23},"end":{"line":161,"column":39}},{"start":{"line":161,"column":39},"end":{"line":161,"column":null}}]},"9":{"loc":{"start":{"line":165,"column":6},"end":{"line":211,"column":null}},"type":"if","locations":[{"start":{"line":165,"column":6},"end":{"line":211,"column":null}},{"start":{"line":165,"column":6},"end":{"line":211,"column":null}}]},"10":{"loc":{"start":{"line":166,"column":43},"end":{"line":166,"column":51}},"type":"cond-expr","locations":[{"start":{"line":166,"column":43},"end":{"line":166,"column":51}},{"start":{"line":166,"column":51},"end":{"line":166,"column":null}}]},"11":{"loc":{"start":{"line":176,"column":13},"end":{"line":211,"column":null}},"type":"if","locations":[{"start":{"line":176,"column":13},"end":{"line":211,"column":null}},{"start":{"line":176,"column":13},"end":{"line":211,"column":null}}]},"12":{"loc":{"start":{"line":178,"column":43},"end":{"line":178,"column":51}},"type":"cond-expr","locations":[{"start":{"line":178,"column":43},"end":{"line":178,"column":51}},{"start":{"line":178,"column":51},"end":{"line":178,"column":null}}]},"13":{"loc":{"start":{"line":200,"column":21},"end":{"line":200,"column":24}},"type":"cond-expr","locations":[{"start":{"line":200,"column":21},"end":{"line":200,"column":24}},{"start":{"line":200,"column":24},"end":{"line":200,"column":35}}]},"14":{"loc":{"start":{"line":200,"column":24},"end":{"line":200,"column":23}},"type":"binary-expr","locations":[{"start":{"line":200,"column":24},"end":{"line":200,"column":23}},{"start":{"line":200,"column":24},"end":{"line":200,"column":23}}]},"15":{"loc":{"start":{"line":206,"column":21},"end":{"line":206,"column":28}},"type":"binary-expr","locations":[{"start":{"line":206,"column":21},"end":{"line":206,"column":28}},{"start":{"line":206,"column":32},"end":{"line":206,"column":null}}]}},"s":{"0":1,"1":1,"2":1,"3":1,"4":1,"5":1,"6":1,"7":0,"8":0,"9":0,"10":0,"11":0,"12":0,"13":0,"14":0,"15":1,"16":0,"17":0,"18":0,"19":0,"20":0,"21":0,"22":0,"23":0,"24":0,"25":0,"26":0,"27":0,"28":0,"29":0,"30":0,"31":0,"32":0,"33":0,"34":0,"35":0,"36":0,"37":0,"38":0,"39":0,"40":0,"41":0,"42":0,"43":0,"44":0,"45":0,"46":0,"47":0,"48":0,"49":0,"50":0,"51":0,"52":0,"53":0,"54":0,"55":0,"56":0,"57":0,"58":0,"59":0,"60":0,"61":0,"62":0,"63":0,"64":0,"65":0,"66":0,"67":0},"f":{"0":0,"1":0,"2":0,"3":0,"4":0,"5":0,"6":0,"7":0,"8":0,"9":0,"10":0,"11":0,"12":0,"13":0,"14":0,"15":0,"16":0,"17":0,"18":0},"b":{"0":[0,0],"1":[0,0],"2":[0,0],"3":[0,0],"4":[0,0],"5":[0,0],"6":[0,0],"7":[0,0],"8":[0,0],"9":[0,0],"10":[0,0],"11":[0,0],"12":[0,0],"13":[0,0],"14":[0,0],"15":[0,0]}}
,"D:\\lls\\chenzhengquan\\Desktop\\muke-study\\vue3-json-schema-form\\lib\\fields\\NumberField.tsx": {"path":"D:\\lls\\chenzhengquan\\Desktop\\muke-study\\vue3-json-schema-form\\lib\\fields\\NumberField.tsx","statementMap":{"0":{"start":{"line":3,"column":0},"end":{"line":3,"column":null}},"1":{"start":{"line":2,"column":0},"end":{"line":2,"column":null}},"2":{"start":{"line":5,"column":15},"end":{"line":5,"column":31}},"3":{"start":{"line":9,"column":26},"end":{"line":13,"column":null}},"4":{"start":{"line":10,"column":20},"end":{"line":10,"column":null}},"5":{"start":{"line":11,"column":18},"end":{"line":11,"column":25}},"6":{"start":{"line":12,"column":6},"end":{"line":12,"column":11}},"7":{"start":{"line":14,"column":4},"end":{"line":14,"column":11}},"8":{"start":{"line":15,"column":24},"end":{"line":15,"column":null}},"9":{"start":{"line":16,"column":6},"end":{"line":16,"column":25}}},"fnMap":{"0":{"name":"(anonymous_0)","decl":{"start":{"line":8,"column":2},"end":{"line":8,"column":7}},"loc":{"start":{"line":8,"column":42},"end":{"line":18,"column":null}}},"1":{"name":"(anonymous_1)","decl":{"start":{"line":9,"column":26},"end":{"line":9,"column":36}},"loc":{"start":{"line":9,"column":36},"end":{"line":13,"column":null}}},"2":{"name":"(anonymous_2)","decl":{"start":{"line":14,"column":11},"end":{"line":14,"column":16}},"loc":{"start":{"line":14,"column":16},"end":{"line":17,"column":null}}}},"branchMap":{"0":{"loc":{"start":{"line":12,"column":41},"end":{"line":12,"column":53}},"type":"cond-expr","locations":[{"start":{"line":12,"column":41},"end":{"line":12,"column":53}},{"start":{"line":12,"column":53},"end":{"line":12,"column":null}}]}},"s":{"0":1,"1":1,"2":1,"3":0,"4":0,"5":0,"6":0,"7":0,"8":0,"9":0},"f":{"0":0,"1":0,"2":0},"b":{"0":[0,0]}}
,"D:\\lls\\chenzhengquan\\Desktop\\muke-study\\vue3-json-schema-form\\lib\\fields\\ObjectField.tsx": {"path":"D:\\lls\\chenzhengquan\\Desktop\\muke-study\\vue3-json-schema-form\\lib\\fields\\ObjectField.tsx","statementMap":{"0":{"start":{"line":1,"column":0},"end":{"line":1,"column":null}},"1":{"start":{"line":3,"column":0},"end":{"line":3,"column":null}},"2":{"start":{"line":4,"column":0},"end":{"line":4,"column":null}},"3":{"start":{"line":6,"column":0},"end":{"line":6,"column":null}},"4":{"start":{"line":8,"column":15},"end":{"line":8,"column":null}},"5":{"start":{"line":25,"column":15},"end":{"line":25,"column":31}},"6":{"start":{"line":30,"column":20},"end":{"line":30,"column":null}},"7":{"start":{"line":32,"column":36},"end":{"line":41,"column":null}},"8":{"start":{"line":33,"column":25},"end":{"line":33,"column":null}},"9":{"start":{"line":35,"column":6},"end":{"line":39,"column":null}},"10":{"start":{"line":36,"column":8},"end":{"line":36,"column":15}},"11":{"start":{"line":38,"column":8},"end":{"line":38,"column":13}},"12":{"start":{"line":40,"column":6},"end":{"line":40,"column":11}},"13":{"start":{"line":43,"column":4},"end":{"line":43,"column":11}},"14":{"start":{"line":44,"column":44},"end":{"line":44,"column":null}},"15":{"start":{"line":46,"column":29},"end":{"line":46,"column":null}},"16":{"start":{"line":48,"column":25},"end":{"line":48,"column":null}},"17":{"start":{"line":50,"column":32},"end":{"line":50,"column":null}},"18":{"start":{"line":52,"column":6},"end":{"line":52,"column":13}},"19":{"start":{"line":52,"column":41},"end":{"line":52,"column":42}},"20":{"start":{"line":58,"column":32},"end":{"line":58,"column":56}}},"fnMap":{"0":{"name":"(anonymous_0)","decl":{"start":{"line":28,"column":2},"end":{"line":28,"column":7}},"loc":{"start":{"line":28,"column":42},"end":{"line":62,"column":null}}},"1":{"name":"(anonymous_1)","decl":{"start":{"line":32,"column":36},"end":{"line":32,"column":37}},"loc":{"start":{"line":32,"column":60},"end":{"line":41,"column":null}}},"2":{"name":"(anonymous_2)","decl":{"start":{"line":43,"column":11},"end":{"line":43,"column":16}},"loc":{"start":{"line":43,"column":16},"end":{"line":61,"column":null}}},"3":{"name":"(anonymous_3)","decl":{"start":{"line":52,"column":41},"end":{"line":52,"column":42}},"loc":{"start":{"line":52,"column":41},"end":{"line":52,"column":42}}},"4":{"name":"(anonymous_4)","decl":{"start":{"line":58,"column":21},"end":{"line":58,"column":32}},"loc":{"start":{"line":58,"column":32},"end":{"line":58,"column":56}}}},"branchMap":{"0":{"loc":{"start":{"line":33,"column":49},"end":{"line":33,"column":63}},"type":"cond-expr","locations":[{"start":{"line":33,"column":49},"end":{"line":33,"column":63}},{"start":{"line":33,"column":63},"end":{"line":33,"column":null}}]},"1":{"loc":{"start":{"line":35,"column":6},"end":{"line":39,"column":null}},"type":"if","locations":[{"start":{"line":35,"column":6},"end":{"line":39,"column":null}},{"start":{"line":35,"column":6},"end":{"line":39,"column":null}}]},"2":{"loc":{"start":{"line":48,"column":25},"end":{"line":48,"column":46}},"type":"binary-expr","locations":[{"start":{"line":48,"column":25},"end":{"line":48,"column":46}},{"start":{"line":48,"column":46},"end":{"line":48,"column":null}}]},"3":{"loc":{"start":{"line":50,"column":50},"end":{"line":50,"column":58}},"type":"cond-expr","locations":[{"start":{"line":50,"column":50},"end":{"line":50,"column":58}},{"start":{"line":50,"column":58},"end":{"line":50,"column":null}}]}},"s":{"0":1,"1":1,"2":1,"3":1,"4":1,"5":1,"6":0,"7":0,"8":0,"9":0,"10":0,"11":0,"12":0,"13":0,"14":0,"15":0,"16":0,"17":0,"18":0,"19":0,"20":0},"f":{"0":0,"1":0,"2":0,"3":0,"4":0},"b":{"0":[0,0],"1":[0,0],"2":[0,0],"3":[0,0]}}
,"D:\\lls\\chenzhengquan\\Desktop\\muke-study\\vue3-json-schema-form\\lib\\fields\\StringField.tsx": {"path":"D:\\lls\\chenzhengquan\\Desktop\\muke-study\\vue3-json-schema-form\\lib\\fields\\StringField.tsx","statementMap":{"0":{"start":{"line":2,"column":0},"end":{"line":2,"column":null}},"1":{"start":{"line":4,"column":15},"end":{"line":4,"column":31}},"2":{"start":{"line":7,"column":26},"end":{"line":9,"column":null}},"3":{"start":{"line":8,"column":6},"end":{"line":8,"column":11}},"4":{"start":{"line":10,"column":4},"end":{"line":10,"column":11}},"5":{"start":{"line":11,"column":24},"end":{"line":11,"column":null}},"6":{"start":{"line":12,"column":6},"end":{"line":12,"column":25}}},"fnMap":{"0":{"name":"(anonymous_0)","decl":{"start":{"line":6,"column":2},"end":{"line":6,"column":7}},"loc":{"start":{"line":6,"column":42},"end":{"line":14,"column":null}}},"1":{"name":"(anonymous_1)","decl":{"start":{"line":7,"column":26},"end":{"line":7,"column":36}},"loc":{"start":{"line":7,"column":36},"end":{"line":9,"column":null}}},"2":{"name":"(anonymous_2)","decl":{"start":{"line":10,"column":11},"end":{"line":10,"column":16}},"loc":{"start":{"line":10,"column":16},"end":{"line":13,"column":null}}}},"branchMap":{},"s":{"0":1,"1":1,"2":0,"3":0,"4":0,"5":0,"6":0},"f":{"0":0,"1":0,"2":0},"b":{}}
,"D:\\lls\\chenzhengquan\\Desktop\\muke-study\\vue3-json-schema-form\\lib\\widgets\\Selection.tsx": {"path":"D:\\lls\\chenzhengquan\\Desktop\\muke-study\\vue3-json-schema-form\\lib\\widgets\\Selection.tsx","statementMap":{"0":{"start":{"line":1,"column":0},"end":{"line":1,"column":null}},"1":{"start":{"line":3,"column":15},"end":{"line":3,"column":31}},"2":{"start":{"line":22,"column":28},"end":{"line":22,"column":32}},"3":{"start":{"line":24,"column":4},"end":{"line":24,"column":10}},"4":{"start":{"line":25,"column":6},"end":{"line":27,"column":null}},"5":{"start":{"line":26,"column":8},"end":{"line":26,"column":13}},"6":{"start":{"line":30,"column":4},"end":{"line":30,"column":null}},"7":{"start":{"line":31,"column":12},"end":{"line":31,"column":null}},"8":{"start":{"line":33,"column":8},"end":{"line":35,"column":null}},"9":{"start":{"line":34,"column":10},"end":{"line":34,"column":25}},"10":{"start":{"line":38,"column":4},"end":{"line":38,"column":11}},"11":{"start":{"line":39,"column":26},"end":{"line":39,"column":null}},"12":{"start":{"line":40,"column":6},"end":{"line":40,"column":null}},"13":{"start":{"line":41,"column":41},"end":{"line":40,"column":null}},"14":{"start":{"line":42,"column":23},"end":{"line":42,"column":24}}},"fnMap":{"0":{"name":"(anonymous_0)","decl":{"start":{"line":21,"column":2},"end":{"line":21,"column":7}},"loc":{"start":{"line":21,"column":42},"end":{"line":48,"column":null}}},"1":{"name":"(anonymous_1)","decl":{"start":{"line":24,"column":27},"end":{"line":24,"column":28}},"loc":{"start":{"line":24,"column":42},"end":{"line":28,"column":null}}},"2":{"name":"(anonymous_2)","decl":{"start":{"line":31,"column":6},"end":{"line":31,"column":12}},"loc":{"start":{"line":31,"column":12},"end":{"line":31,"column":null}}},"3":{"name":"(anonymous_3)","decl":{"start":{"line":32,"column":6},"end":{"line":32,"column":7}},"loc":{"start":{"line":32,"column":21},"end":{"line":36,"column":null}}},"4":{"name":"(anonymous_4)","decl":{"start":{"line":38,"column":11},"end":{"line":38,"column":16}},"loc":{"start":{"line":38,"column":16},"end":{"line":47,"column":null}}},"5":{"name":"(anonymous_5)","decl":{"start":{"line":40,"column":6},"end":{"line":40,"column":null}},"loc":{"start":{"line":41,"column":41},"end":{"line":40,"column":null}}},"6":{"name":"(anonymous_6)","decl":{"start":{"line":42,"column":24},"end":{"line":42,"column":null}},"loc":{"start":{"line":42,"column":23},"end":{"line":42,"column":24}}}},"branchMap":{"0":{"loc":{"start":{"line":25,"column":6},"end":{"line":27,"column":null}},"type":"if","locations":[{"start":{"line":25,"column":6},"end":{"line":27,"column":null}},{"start":{"line":25,"column":6},"end":{"line":27,"column":null}}]},"1":{"loc":{"start":{"line":33,"column":8},"end":{"line":35,"column":null}},"type":"if","locations":[{"start":{"line":33,"column":8},"end":{"line":35,"column":null}},{"start":{"line":33,"column":8},"end":{"line":35,"column":null}}]}},"s":{"0":1,"1":1,"2":0,"3":0,"4":0,"5":0,"6":0,"7":0,"8":0,"9":0,"10":0,"11":0,"12":0,"13":0,"14":0},"f":{"0":0,"1":0,"2":0,"3":0,"4":0,"5":0,"6":0},"b":{"0":[0,0],"1":[0,0]}}
}
