TN:
SF:D:\lls\chenzhengquan\Desktop\muke-study\vue3-json-schema-form\lib\SchemaForm.tsx
FN:22,(anonymous_0)
FN:24,(anonymous_1)
FN:38,(anonymous_2)
FNF:3
FNH:2
FNDA:1,(anonymous_0)
FNDA:0,(anonymous_1)
FNDA:1,(anonymous_2)
DA:2,1
DA:3,1
DA:4,1
DA:6,1
DA:24,1
DA:27,0
DA:32,1
DA:36,1
DA:38,1
DA:39,1
DA:40,1
LF:11
LH:10
BRF:0
BRH:0
end_of_record
TN:
SF:D:\lls\chenzhengquan\Desktop\muke-study\vue3-json-schema-form\lib\SchemaItems.tsx
FN:15,(anonymous_0)
FN:16,(anonymous_1)
FN:20,(anonymous_2)
FNF:3
FNH:0
FNDA:0,(anonymous_0)
FNDA:0,(anonymous_1)
FNDA:0,(anonymous_2)
DA:2,1
DA:3,1
DA:5,1
DA:6,1
DA:7,1
DA:8,1
DA:10,1
DA:12,1
DA:16,0
DA:17,0
DA:18,0
DA:20,0
DA:21,0
DA:22,0
DA:26,0
DA:28,0
DA:30,0
DA:31,0
DA:33,0
DA:34,0
DA:36,0
DA:37,0
DA:39,0
DA:40,0
DA:42,0
DA:44,0
DA:48,0
LF:27
LH:8
BRDA:29,0,0,0
BRDA:29,0,1,0
BRDA:29,0,2,0
BRDA:29,0,3,0
BRDA:29,0,4,0
BRF:5
BRH:0
end_of_record
TN:
SF:D:\lls\chenzhengquan\Desktop\muke-study\vue3-json-schema-form\lib\context.ts
FN:7,useVJSFContext
FNF:1
FNH:0
FNDA:0,useVJSFContext
DA:2,1
DA:4,1
DA:9,0
DA:11,0
DA:12,0
DA:14,0
LF:6
LH:2
BRDA:11,0,0,0
BRDA:11,0,1,0
BRF:2
BRH:0
end_of_record
TN:
SF:D:\lls\chenzhengquan\Desktop\muke-study\vue3-json-schema-form\lib\index.ts
FNF:0
FNH:0
DA:1,1
DA:2,1
DA:4,1
LF:3
LH:3
BRF:0
BRH:0
end_of_record
TN:
SF:D:\lls\chenzhengquan\Desktop\muke-study\vue3-json-schema-form\lib\types.ts
FN:4,(anonymous_0)
FN:74,(anonymous_1)
FNF:2
FNH:2
FNDA:1,(anonymous_0)
FNDA:1,(anonymous_1)
DA:4,1
DA:5,1
DA:6,1
DA:7,1
DA:8,1
DA:9,1
DA:10,1
DA:54,1
DA:74,1
DA:75,1
LF:10
LH:10
BRDA:4,0,0,1
BRDA:4,0,1,1
BRDA:74,1,0,1
BRDA:74,1,1,1
BRF:4
BRH:4
end_of_record
TN:
SF:D:\lls\chenzhengquan\Desktop\muke-study\vue3-json-schema-form\lib\utils.ts
FN:8,isObject
FN:12,isEmptyObject
FN:16,hasOwnProperty
FN:30,validateData
FN:41,resolveSchema
FN:51,(anonymous_5)
FN:61,retrieveSchema
FN:104,stubExistingAdditionalProperties
FN:115,(anonymous_8)
FN:156,resolveReference
FN:165,findSchemaDefinition
FN:184,resolveDependencies
FN:205,processDependencies
FN:247,withDependentProperties
FN:257,withDependentSchema
FN:278,(anonymous_15)
FN:292,withExactlyOneSubschema
FN:299,(anonymous_17)
FN:338,mergeSchemas
FN:340,(anonymous_19)
FN:372,getSchemaType
FN:389,(anonymous_21)
FN:421,guessType
FN:439,isConstant
FN:446,isSelect
FN:452,(anonymous_25)
FN:457,isMultiSelect
FN:465,getMatchingOption
FN:484,(anonymous_28)
FN:524,mergeDefaultsWithFormData
FN:529,(anonymous_30)
FN:537,(anonymous_31)
FN:549,getDefaultFormState
FNF:33
FNH:0
FNDA:0,isObject
FNDA:0,isEmptyObject
FNDA:0,hasOwnProperty
FNDA:0,validateData
FNDA:0,resolveSchema
FNDA:0,(anonymous_5)
FNDA:0,retrieveSchema
FNDA:0,stubExistingAdditionalProperties
FNDA:0,(anonymous_8)
FNDA:0,resolveReference
FNDA:0,findSchemaDefinition
FNDA:0,resolveDependencies
FNDA:0,processDependencies
FNDA:0,withDependentProperties
FNDA:0,withDependentSchema
FNDA:0,(anonymous_15)
FNDA:0,withExactlyOneSubschema
FNDA:0,(anonymous_17)
FNDA:0,mergeSchemas
FNDA:0,(anonymous_19)
FNDA:0,getSchemaType
FNDA:0,(anonymous_21)
FNDA:0,guessType
FNDA:0,isConstant
FNDA:0,isSelect
FNDA:0,(anonymous_25)
FNDA:0,isMultiSelect
FNDA:0,getMatchingOption
FNDA:0,(anonymous_28)
FNDA:0,mergeDefaultsWithFormData
FNDA:0,(anonymous_30)
FNDA:0,(anonymous_31)
FNDA:0,getDefaultFormState
DA:1,1
DA:2,1
DA:3,1
DA:4,1
DA:9,0
DA:13,0
DA:21,0
DA:28,1
DA:31,0
DA:32,0
DA:43,0
DA:44,0
DA:45,0
DA:46,0
DA:47,0
DA:48,0
DA:49,0
DA:52,0
DA:57,0
DA:66,0
DA:67,0
DA:69,0
DA:72,0
DA:73,0
DA:76,0
DA:82,0
DA:83,0
DA:84,0
DA:88,0
DA:90,0
DA:92,0
DA:98,0
DA:101,1
DA:110,0
DA:115,0
DA:116,0
DA:118,0
DA:122,0
DA:123,0
DA:128,0
DA:129,0
DA:131,0
DA:135,0
DA:137,0
DA:140,0
DA:158,0
DA:160,0
DA:162,0
DA:166,0
DA:167,0
DA:169,0
DA:171,0
DA:173,0
DA:174,0
DA:175,0
DA:177,0
DA:179,0
DA:181,0
DA:190,0
DA:191,0
DA:192,0
DA:196,0
DA:197,0
DA:202,0
DA:212,0
DA:214,0
DA:215,0
DA:218,0
DA:222,0
DA:225,0
DA:226,0
DA:227,0
DA:228,0
DA:229,0
DA:237,0
DA:244,0
DA:248,0
DA:249,0
DA:251,0
DA:254,0
DA:265,0
DA:270,0
DA:272,0
DA:273,0
DA:274,0
DA:275,0
DA:278,0
DA:279,0
DA:283,0
DA:299,0
DA:300,0
DA:301,0
DA:303,0
DA:304,0
DA:305,0
DA:312,0
DA:313,0
DA:316,0
DA:317,0
DA:320,0
DA:322,0
DA:324,0
DA:325,0
DA:326,0
DA:339,0
DA:340,0
DA:341,0
DA:342,0
DA:343,0
DA:344,0
DA:345,0
DA:355,0
DA:357,0
DA:359,0
DA:373,0
DA:375,0
DA:376,0
DA:379,0
DA:380,0
DA:383,0
DA:384,0
DA:387,0
DA:388,0
DA:389,0
DA:392,0
DA:421,1
DA:422,0
DA:423,0
DA:424,0
DA:425,0
DA:426,0
DA:427,0
DA:428,0
DA:429,0
DA:430,0
DA:431,0
DA:432,0
DA:433,0
DA:436,0
DA:440,0
DA:447,0
DA:448,0
DA:449,0
DA:450,0
DA:451,0
DA:452,0
DA:454,0
DA:458,0
DA:459,0
DA:461,0
DA:470,0
DA:471,0
DA:480,0
DA:483,0
DA:484,0
DA:492,0
DA:494,0
DA:496,0
DA:497,0
DA:500,0
DA:503,0
DA:505,0
DA:507,0
DA:512,0
DA:514,0
DA:515,0
DA:517,0
DA:518,0
DA:521,0
DA:525,0
DA:526,0
DA:527,0
DA:529,0
DA:530,0
DA:531,0
DA:533,0
DA:535,0
DA:536,0
DA:537,0
DA:538,0
DA:542,0
DA:545,0
DA:555,0
DA:556,0
DA:559,0
DA:568,0
DA:570,0
DA:572,0
DA:573,0
DA:575,0
DA:576,0
DA:578,0
LF:192
LH:7
BRDA:9,0,0,0
BRDA:9,0,1,0
BRDA:9,0,2,0
BRDA:13,1,0,0
BRDA:13,1,1,0
BRDA:41,2,0,0
BRDA:41,3,0,0
BRDA:43,4,0,0
BRDA:43,4,1,0
BRDA:45,5,0,0
BRDA:45,5,1,0
BRDA:48,6,0,0
BRDA:48,6,1,0
BRDA:48,7,0,0
BRDA:48,7,1,0
BRDA:63,8,0,0
BRDA:64,9,0,0
BRDA:66,10,0,0
BRDA:66,10,1,0
BRDA:72,11,0,0
BRDA:72,11,1,0
BRDA:88,12,0,0
BRDA:88,12,1,0
BRDA:90,13,0,0
BRDA:90,13,1,0
BRDA:106,14,0,0
BRDA:107,15,0,0
BRDA:116,16,0,0
BRDA:116,16,1,0
BRDA:122,17,0,0
BRDA:122,17,1,0
BRDA:128,18,0,0
BRDA:128,18,1,0
BRDA:165,19,0,0
BRDA:167,20,0,0
BRDA:167,20,1,0
BRDA:174,21,0,0
BRDA:174,21,1,0
BRDA:177,22,0,0
BRDA:177,22,1,0
BRDA:190,23,0,0
BRDA:191,24,0,0
BRDA:191,24,1,0
BRDA:196,25,0,0
BRDA:196,25,1,0
BRDA:214,26,0,0
BRDA:214,26,1,0
BRDA:218,27,0,0
BRDA:218,27,1,0
BRDA:219,28,0,0
BRDA:219,28,1,0
BRDA:226,29,0,0
BRDA:226,29,1,0
BRDA:228,30,0,0
BRDA:228,30,1,0
BRDA:248,31,0,0
BRDA:248,31,1,0
BRDA:252,32,0,0
BRDA:252,32,1,0
BRDA:272,33,0,0
BRDA:272,33,1,0
BRDA:274,34,0,0
BRDA:274,34,1,0
BRDA:280,35,0,0
BRDA:280,35,1,0
BRDA:300,36,0,0
BRDA:300,36,1,0
BRDA:304,37,0,0
BRDA:304,37,1,0
BRDA:313,38,0,0
BRDA:313,38,1,0
BRDA:316,39,0,0
BRDA:316,39,1,0
BRDA:341,40,0,0
BRDA:341,40,1,0
BRDA:343,41,0,0
BRDA:343,41,1,0
BRDA:343,42,0,0
BRDA:343,42,1,0
BRDA:343,42,2,0
BRDA:345,43,0,0
BRDA:345,43,1,0
BRDA:346,44,0,0
BRDA:346,44,1,0
BRDA:346,44,2,0
BRDA:346,44,3,0
BRDA:346,44,4,0
BRDA:346,44,5,0
BRDA:346,44,6,0
BRDA:375,45,0,0
BRDA:375,45,1,0
BRDA:375,46,0,0
BRDA:375,46,1,0
BRDA:379,47,0,0
BRDA:379,47,1,0
BRDA:379,48,0,0
BRDA:379,48,1,0
BRDA:383,49,0,0
BRDA:383,49,1,0
BRDA:383,50,0,0
BRDA:383,50,1,0
BRDA:383,50,2,0
BRDA:388,51,0,0
BRDA:388,51,1,0
BRDA:388,52,0,0
BRDA:388,52,1,0
BRDA:388,52,2,0
BRDA:422,53,0,0
BRDA:422,53,1,0
BRDA:424,54,0,0
BRDA:424,54,1,0
BRDA:426,55,0,0
BRDA:426,55,1,0
BRDA:428,56,0,0
BRDA:428,56,1,0
BRDA:430,57,0,0
BRDA:430,57,1,0
BRDA:432,58,0,0
BRDA:432,58,1,0
BRDA:441,59,0,0
BRDA:441,59,1,0
BRDA:441,59,2,0
BRDA:446,60,0,0
BRDA:448,61,0,0
BRDA:448,61,1,0
BRDA:449,62,0,0
BRDA:449,62,1,0
BRDA:451,63,0,0
BRDA:451,63,1,0
BRDA:457,64,0,0
BRDA:458,65,0,0
BRDA:458,65,1,0
BRDA:458,66,0,0
BRDA:458,66,1,0
BRDA:480,67,0,0
BRDA:480,67,1,0
BRDA:492,68,0,0
BRDA:492,68,1,0
BRDA:496,69,0,0
BRDA:496,69,1,0
BRDA:514,70,0,0
BRDA:514,70,1,0
BRDA:517,71,0,0
BRDA:517,71,1,0
BRDA:525,72,0,0
BRDA:525,72,1,0
BRDA:526,73,0,0
BRDA:526,73,1,0
BRDA:530,74,0,0
BRDA:530,74,1,0
BRDA:535,75,0,0
BRDA:535,75,1,0
BRDA:539,76,0,0
BRDA:539,76,1,0
BRDA:555,77,0,0
BRDA:555,77,1,0
BRDA:568,78,0,0
BRDA:568,78,1,0
BRDA:572,79,0,0
BRDA:572,79,1,0
BRDA:572,80,0,0
BRDA:572,80,1,0
BRDA:575,81,0,0
BRDA:575,81,1,0
BRDA:575,82,0,0
BRDA:575,82,1,0
BRDA:575,82,2,0
BRDA:578,83,0,0
BRDA:578,83,1,0
BRF:169
BRH:0
end_of_record
TN:
SF:D:\lls\chenzhengquan\Desktop\muke-study\vue3-json-schema-form\lib\fields\ArrayField.tsx
FN:70,(anonymous_0)
FN:72,(anonymous_1)
FN:79,(anonymous_2)
FN:85,(anonymous_3)
FN:91,(anonymous_4)
FN:97,(anonymous_5)
FN:113,(anonymous_6)
FN:116,(anonymous_7)
FN:125,(anonymous_8)
FN:131,(anonymous_9)
FN:137,(anonymous_10)
FN:147,(anonymous_11)
FN:157,(anonymous_12)
FN:167,(anonymous_13)
FN:172,(anonymous_14)
FN:179,(anonymous_15)
FN:180,(anonymous_16)
FN:192,(anonymous_17)
FN:200,(anonymous_18)
FNF:19
FNH:0
FNDA:0,(anonymous_0)
FNDA:0,(anonymous_1)
FNDA:0,(anonymous_2)
FNDA:0,(anonymous_3)
FNDA:0,(anonymous_4)
FNDA:0,(anonymous_5)
FNDA:0,(anonymous_6)
FNDA:0,(anonymous_7)
FNDA:0,(anonymous_8)
FNDA:0,(anonymous_9)
FNDA:0,(anonymous_10)
FNDA:0,(anonymous_11)
FNDA:0,(anonymous_12)
FNDA:0,(anonymous_13)
FNDA:0,(anonymous_14)
FNDA:0,(anonymous_15)
FNDA:0,(anonymous_16)
FNDA:0,(anonymous_17)
FNDA:0,(anonymous_18)
DA:1,1
DA:2,1
DA:3,1
DA:4,1
DA:5,1
DA:26,1
DA:46,1
DA:71,0
DA:72,0
DA:73,0
DA:74,0
DA:79,0
DA:85,0
DA:91,0
DA:97,0
DA:110,1
DA:114,0
DA:116,0
DA:117,0
DA:118,0
DA:119,0
DA:120,0
DA:125,0
DA:126,0
DA:127,0
DA:128,0
DA:129,0
DA:131,0
DA:132,0
DA:133,0
DA:134,0
DA:135,0
DA:137,0
DA:138,0
DA:140,0
DA:141,0
DA:143,0
DA:144,0
DA:145,0
DA:147,0
DA:148,0
DA:149,0
DA:151,0
DA:152,0
DA:153,0
DA:154,0
DA:157,0
DA:158,0
DA:159,0
DA:160,0
DA:161,0
DA:165,0
DA:166,0
DA:167,0
DA:172,0
DA:176,0
DA:178,0
DA:179,0
DA:180,0
DA:192,0
DA:199,0
DA:200,0
DA:204,0
DA:213,0
LF:64
LH:8
BRDA:103,0,0,0
BRDA:103,0,1,0
BRDA:118,1,0,0
BRDA:118,1,1,0
BRDA:127,2,0,0
BRDA:127,2,1,0
BRDA:133,3,0,0
BRDA:133,3,1,0
BRDA:138,4,0,0
BRDA:138,4,1,0
BRDA:141,5,0,0
BRDA:141,5,1,0
BRDA:149,6,0,0
BRDA:149,6,1,0
BRDA:151,7,0,0
BRDA:151,7,1,0
BRDA:161,8,0,0
BRDA:161,8,1,0
BRDA:165,9,0,0
BRDA:165,9,1,0
BRDA:166,10,0,0
BRDA:166,10,1,0
BRDA:176,11,0,0
BRDA:176,11,1,0
BRDA:178,12,0,0
BRDA:178,12,1,0
BRDA:200,13,0,0
BRDA:200,13,1,0
BRDA:200,14,0,0
BRDA:200,14,1,0
BRDA:206,15,0,0
BRDA:206,15,1,0
BRF:32
BRH:0
end_of_record
TN:
SF:D:\lls\chenzhengquan\Desktop\muke-study\vue3-json-schema-form\lib\fields\NumberField.tsx
FN:8,(anonymous_0)
FN:9,(anonymous_1)
FN:14,(anonymous_2)
FNF:3
FNH:0
FNDA:0,(anonymous_0)
FNDA:0,(anonymous_1)
FNDA:0,(anonymous_2)
DA:2,1
DA:3,1
DA:5,1
DA:9,0
DA:10,0
DA:11,0
DA:12,0
DA:14,0
DA:15,0
DA:16,0
LF:10
LH:3
BRDA:12,0,0,0
BRDA:12,0,1,0
BRF:2
BRH:0
end_of_record
TN:
SF:D:\lls\chenzhengquan\Desktop\muke-study\vue3-json-schema-form\lib\fields\ObjectField.tsx
FN:28,(anonymous_0)
FN:32,(anonymous_1)
FN:43,(anonymous_2)
FN:52,(anonymous_3)
FN:58,(anonymous_4)
FNF:5
FNH:0
FNDA:0,(anonymous_0)
FNDA:0,(anonymous_1)
FNDA:0,(anonymous_2)
FNDA:0,(anonymous_3)
FNDA:0,(anonymous_4)
DA:1,1
DA:3,1
DA:4,1
DA:6,1
DA:8,1
DA:25,1
DA:30,0
DA:32,0
DA:33,0
DA:35,0
DA:36,0
DA:38,0
DA:40,0
DA:43,0
DA:44,0
DA:46,0
DA:48,0
DA:50,0
DA:52,0
DA:58,0
LF:20
LH:6
BRDA:33,0,0,0
BRDA:33,0,1,0
BRDA:35,1,0,0
BRDA:35,1,1,0
BRDA:48,2,0,0
BRDA:48,2,1,0
BRDA:50,3,0,0
BRDA:50,3,1,0
BRF:8
BRH:0
end_of_record
TN:
SF:D:\lls\chenzhengquan\Desktop\muke-study\vue3-json-schema-form\lib\fields\StringField.tsx
FN:6,(anonymous_0)
FN:7,(anonymous_1)
FN:10,(anonymous_2)
FNF:3
FNH:0
FNDA:0,(anonymous_0)
FNDA:0,(anonymous_1)
FNDA:0,(anonymous_2)
DA:2,1
DA:4,1
DA:7,0
DA:8,0
DA:10,0
DA:11,0
DA:12,0
LF:7
LH:2
BRF:0
BRH:0
end_of_record
TN:
SF:D:\lls\chenzhengquan\Desktop\muke-study\vue3-json-schema-form\lib\widgets\Selection.tsx
FN:21,(anonymous_0)
FN:24,(anonymous_1)
FN:31,(anonymous_2)
FN:32,(anonymous_3)
FN:38,(anonymous_4)
FN:40,(anonymous_5)
FN:42,(anonymous_6)
FNF:7
FNH:0
FNDA:0,(anonymous_0)
FNDA:0,(anonymous_1)
FNDA:0,(anonymous_2)
FNDA:0,(anonymous_3)
FNDA:0,(anonymous_4)
FNDA:0,(anonymous_5)
FNDA:0,(anonymous_6)
DA:1,1
DA:3,1
DA:22,0
DA:24,0
DA:25,0
DA:26,0
DA:30,0
DA:31,0
DA:33,0
DA:34,0
DA:38,0
DA:39,0
DA:40,0
DA:41,0
DA:42,0
LF:15
LH:2
BRDA:25,0,0,0
BRDA:25,0,1,0
BRDA:33,1,0,0
BRDA:33,1,1,0
BRF:4
BRH:0
end_of_record
